=== Started 2025-04-11T20-19-17-080 ===
[INFO ][20:19:17] [1m[32mMultiOgar 1.3.5[37m - An open source multi-protocol ogar server[0m
[WARN ][20:19:17] ./ipbanlist.txt is missing.
[WARN ][20:19:17] User account "Local Administrator" disabled
[WARN ][20:19:17] User account "Local Moderator" disabled
[WARN ][20:19:17] User account "Local User" disabled
[INFO ][20:19:17] 0 user records loaded.
[INFO ][20:19:17] 25 bad words loaded
[WARN ][20:19:17] TLS: not supported (SSL certificate not found!)
[INFO ][20:19:17] WebSocket: ws
[INFO ][20:19:17] Started stats server on port 88
[INFO ][20:19:17] Listening on port 443
[INFO ][20:19:17] Current game mode is FFA
[INFO ][20:19:17] Added 70 player bots
[ERROR][20:19:17] [Tracker][ogar-tracker.tk]: Error: getaddrinfo ENOTFOUND ogar-tracker.tk ogar-tracker.tk:80
[ERROR][20:19:17] [Tracker][c0nsume.me]: Error: getaddrinfo ENOTFOUND c0nsume.me c0nsume.me:80
[ERROR][20:19:17] [Tracker][ogar-tracker.tk]: Error: getaddrinfo ENOTFOUND ogar-tracker.tk ogar-tracker.tk:80
[ERROR][20:19:17] [Tracker][c0nsume.me]: Error: getaddrinfo ENOTFOUND c0nsume.me c0nsume.me:80
[NONE ][20:19:17]  Player has joined the server!
[NONE ][20:19:17] CONNECTED    127.0.0.1:52229, origin: "null"
[INFO ][20:19:17] Added 14 minions
[ERROR][20:19:17] [Tracker][ogar-tracker.tk]: Error: getaddrinfo ENOTFOUND ogar-tracker.tk ogar-tracker.tk:80
[ERROR][20:19:17] [Tracker][c0nsume.me]: Error: getaddrinfo ENOTFOUND c0nsume.me c0nsume.me:80
[ERROR][20:19:17] [Tracker][ogar-tracker.tk]: Error: getaddrinfo ENOTFOUND ogar-tracker.tk ogar-tracker.tk:80
[ERROR][20:19:17] [Tracker][c0nsume.me]: Error: getaddrinfo ENOTFOUND c0nsume.me c0nsume.me:80
[ERROR][20:19:28] [Tracker][ogar-tracker.tk]: Error: getaddrinfo ENOTFOUND ogar-tracker.tk ogar-tracker.tk:80
[ERROR][20:19:28] [Tracker][ogar-tracker.tk]: Error: getaddrinfo ENOTFOUND ogar-tracker.tk ogar-tracker.tk:80
[ERROR][20:19:28] [Tracker][c0nsume.me]: Error: getaddrinfo ENOTFOUND c0nsume.me c0nsume.me:80
[ERROR][20:19:28] [Tracker][c0nsume.me]: Error: getaddrinfo ENOTFOUND c0nsume.me c0nsume.me:80
[ERROR][20:19:28] [Tracker][ogar-tracker.tk]: Error: getaddrinfo ENOTFOUND ogar-tracker.tk ogar-tracker.tk:80
[ERROR][20:19:28] [Tracker][c0nsume.me]: Error: getaddrinfo ENOTFOUND c0nsume.me c0nsume.me:80
[ERROR][20:19:29] [Tracker][ogar-tracker.tk]: Error: getaddrinfo ENOTFOUND ogar-tracker.tk ogar-tracker.tk:80
[ERROR][20:19:29] [Tracker][c0nsume.me]: Error: getaddrinfo ENOTFOUND c0nsume.me c0nsume.me:80
[ERROR][20:19:40] [Tracker][ogar-tracker.tk]: Error: getaddrinfo ENOTFOUND ogar-tracker.tk ogar-tracker.tk:80
[ERROR][20:19:40] [Tracker][ogar-tracker.tk]: Error: getaddrinfo ENOTFOUND ogar-tracker.tk ogar-tracker.tk:80
[ERROR][20:19:40] [Tracker][c0nsume.me]: Error: getaddrinfo ENOTFOUND c0nsume.me c0nsume.me:80
[ERROR][20:19:40] [Tracker][c0nsume.me]: Error: getaddrinfo ENOTFOUND c0nsume.me c0nsume.me:80
[ERROR][20:19:40] [Tracker][ogar-tracker.tk]: Error: getaddrinfo ENOTFOUND ogar-tracker.tk ogar-tracker.tk:80
[ERROR][20:19:40] [Tracker][c0nsume.me]: Error: getaddrinfo ENOTFOUND c0nsume.me c0nsume.me:80
[ERROR][20:19:40] [Tracker][ogar-tracker.tk]: Error: getaddrinfo ENOTFOUND ogar-tracker.tk ogar-tracker.tk:80
[ERROR][20:19:40] [Tracker][c0nsume.me]: Error: getaddrinfo ENOTFOUND c0nsume.me c0nsume.me:80
[ERROR][20:19:51] [Tracker][c0nsume.me]: Error: getaddrinfo ENOTFOUND c0nsume.me c0nsume.me:80
[ERROR][20:19:51] [Tracker][ogar-tracker.tk]: Error: getaddrinfo ENOTFOUND ogar-tracker.tk ogar-tracker.tk:80
[ERROR][20:19:51] [Tracker][ogar-tracker.tk]: Error: getaddrinfo ENOTFOUND ogar-tracker.tk ogar-tracker.tk:80
[ERROR][20:19:51] [Tracker][c0nsume.me]: Error: getaddrinfo ENOTFOUND c0nsume.me c0nsume.me:80
[ERROR][20:19:51] [Tracker][ogar-tracker.tk]: Error: getaddrinfo ENOTFOUND ogar-tracker.tk ogar-tracker.tk:80
[ERROR][20:19:51] [Tracker][c0nsume.me]: Error: getaddrinfo ENOTFOUND c0nsume.me c0nsume.me:80
[ERROR][20:19:52] [Tracker][ogar-tracker.tk]: Error: getaddrinfo ENOTFOUND ogar-tracker.tk ogar-tracker.tk:80
[ERROR][20:19:52] [Tracker][c0nsume.me]: Error: getaddrinfo ENOTFOUND c0nsume.me c0nsume.me:80
[ERROR][20:20:03] [Tracker][ogar-tracker.tk]: Error: getaddrinfo ENOTFOUND ogar-tracker.tk ogar-tracker.tk:80
[ERROR][20:20:03] [Tracker][ogar-tracker.tk]: Error: getaddrinfo ENOTFOUND ogar-tracker.tk ogar-tracker.tk:80
[ERROR][20:20:03] [Tracker][c0nsume.me]: Error: getaddrinfo ENOTFOUND c0nsume.me c0nsume.me:80
[ERROR][20:20:03] [Tracker][c0nsume.me]: Error: getaddrinfo ENOTFOUND c0nsume.me c0nsume.me:80
[ERROR][20:20:03] [Tracker][ogar-tracker.tk]: Error: getaddrinfo ENOTFOUND ogar-tracker.tk ogar-tracker.tk:80
[ERROR][20:20:03] [Tracker][c0nsume.me]: Error: getaddrinfo ENOTFOUND c0nsume.me c0nsume.me:80
[ERROR][20:20:03] [Tracker][ogar-tracker.tk]: Error: getaddrinfo ENOTFOUND ogar-tracker.tk ogar-tracker.tk:80
[ERROR][20:20:03] [Tracker][c0nsume.me]: Error: getaddrinfo ENOTFOUND c0nsume.me c0nsume.me:80
[ERROR][20:20:14] [Tracker][ogar-tracker.tk]: Error: getaddrinfo ENOTFOUND ogar-tracker.tk ogar-tracker.tk:80
[ERROR][20:20:14] [Tracker][ogar-tracker.tk]: Error: getaddrinfo ENOTFOUND ogar-tracker.tk ogar-tracker.tk:80
[ERROR][20:20:14] [Tracker][c0nsume.me]: Error: getaddrinfo ENOTFOUND c0nsume.me c0nsume.me:80
[ERROR][20:20:14] [Tracker][c0nsume.me]: Error: getaddrinfo ENOTFOUND c0nsume.me c0nsume.me:80
[ERROR][20:20:15] [Tracker][ogar-tracker.tk]: Error: getaddrinfo ENOTFOUND ogar-tracker.tk ogar-tracker.tk:80
[ERROR][20:20:15] [Tracker][c0nsume.me]: Error: getaddrinfo ENOTFOUND c0nsume.me c0nsume.me:80
[ERROR][20:20:15] [Tracker][ogar-tracker.tk]: Error: getaddrinfo ENOTFOUND ogar-tracker.tk ogar-tracker.tk:80
[ERROR][20:20:15] [Tracker][c0nsume.me]: Error: getaddrinfo ENOTFOUND c0nsume.me c0nsume.me:80
[ERROR][20:20:26] [Tracker][ogar-tracker.tk]: Error: getaddrinfo ENOTFOUND ogar-tracker.tk ogar-tracker.tk:80
[ERROR][20:20:26] [Tracker][ogar-tracker.tk]: Error: getaddrinfo ENOTFOUND ogar-tracker.tk ogar-tracker.tk:80
[ERROR][20:20:26] [Tracker][c0nsume.me]: Error: getaddrinfo ENOTFOUND c0nsume.me c0nsume.me:80
[ERROR][20:20:26] [Tracker][c0nsume.me]: Error: getaddrinfo ENOTFOUND c0nsume.me c0nsume.me:80
[ERROR][20:20:26] [Tracker][ogar-tracker.tk]: Error: getaddrinfo ENOTFOUND ogar-tracker.tk ogar-tracker.tk:80
[ERROR][20:20:26] [Tracker][c0nsume.me]: Error: getaddrinfo ENOTFOUND c0nsume.me c0nsume.me:80
[ERROR][20:20:26] [Tracker][ogar-tracker.tk]: Error: getaddrinfo ENOTFOUND ogar-tracker.tk ogar-tracker.tk:80
[ERROR][20:20:26] [Tracker][c0nsume.me]: Error: getaddrinfo ENOTFOUND c0nsume.me c0nsume.me:80
[ERROR][20:20:37] [Tracker][c0nsume.me]: Error: getaddrinfo ENOTFOUND c0nsume.me c0nsume.me:80
[ERROR][20:20:37] [Tracker][ogar-tracker.tk]: Error: getaddrinfo ENOTFOUND ogar-tracker.tk ogar-tracker.tk:80
[ERROR][20:20:37] [Tracker][ogar-tracker.tk]: Error: getaddrinfo ENOTFOUND ogar-tracker.tk ogar-tracker.tk:80
[ERROR][20:20:37] [Tracker][c0nsume.me]: Error: getaddrinfo ENOTFOUND c0nsume.me c0nsume.me:80
[ERROR][20:20:38] [Tracker][ogar-tracker.tk]: Error: getaddrinfo ENOTFOUND ogar-tracker.tk ogar-tracker.tk:80
[ERROR][20:20:38] [Tracker][c0nsume.me]: Error: getaddrinfo ENOTFOUND c0nsume.me c0nsume.me:80
[ERROR][20:20:38] [Tracker][ogar-tracker.tk]: Error: getaddrinfo ENOTFOUND ogar-tracker.tk ogar-tracker.tk:80
[ERROR][20:20:38] [Tracker][c0nsume.me]: Error: getaddrinfo ENOTFOUND c0nsume.me c0nsume.me:80
[ERROR][20:20:49] [Tracker][ogar-tracker.tk]: Error: getaddrinfo ENOTFOUND ogar-tracker.tk ogar-tracker.tk:80
[ERROR][20:20:49] [Tracker][c0nsume.me]: Error: getaddrinfo ENOTFOUND c0nsume.me c0nsume.me:80
[ERROR][20:20:49] [Tracker][ogar-tracker.tk]: Error: getaddrinfo ENOTFOUND ogar-tracker.tk ogar-tracker.tk:80
[ERROR][20:20:49] [Tracker][c0nsume.me]: Error: getaddrinfo ENOTFOUND c0nsume.me c0nsume.me:80
[ERROR][20:20:49] [Tracker][ogar-tracker.tk]: Error: getaddrinfo ENOTFOUND ogar-tracker.tk ogar-tracker.tk:80
[ERROR][20:20:49] [Tracker][c0nsume.me]: Error: getaddrinfo ENOTFOUND c0nsume.me c0nsume.me:80
[ERROR][20:20:49] [Tracker][ogar-tracker.tk]: Error: getaddrinfo ENOTFOUND ogar-tracker.tk ogar-tracker.tk:80
[ERROR][20:20:49] [Tracker][c0nsume.me]: Error: getaddrinfo ENOTFOUND c0nsume.me c0nsume.me:80
[ERROR][20:21:01] [Tracker][ogar-tracker.tk]: Error: getaddrinfo ENOTFOUND ogar-tracker.tk ogar-tracker.tk:80
[ERROR][20:21:01] [Tracker][ogar-tracker.tk]: Error: getaddrinfo ENOTFOUND ogar-tracker.tk ogar-tracker.tk:80
[ERROR][20:21:01] [Tracker][c0nsume.me]: Error: getaddrinfo ENOTFOUND c0nsume.me c0nsume.me:80
[ERROR][20:21:01] [Tracker][c0nsume.me]: Error: getaddrinfo ENOTFOUND c0nsume.me c0nsume.me:80
[ERROR][20:21:01] [Tracker][ogar-tracker.tk]: Error: getaddrinfo ENOTFOUND ogar-tracker.tk ogar-tracker.tk:80
[ERROR][20:21:01] [Tracker][c0nsume.me]: Error: getaddrinfo ENOTFOUND c0nsume.me c0nsume.me:80
[ERROR][20:21:01] [Tracker][ogar-tracker.tk]: Error: getaddrinfo ENOTFOUND ogar-tracker.tk ogar-tracker.tk:80
[ERROR][20:21:01] [Tracker][c0nsume.me]: Error: getaddrinfo ENOTFOUND c0nsume.me c0nsume.me:80
[ERROR][20:21:12] [Tracker][ogar-tracker.tk]: Error: getaddrinfo ENOTFOUND ogar-tracker.tk ogar-tracker.tk:80
[ERROR][20:21:12] [Tracker][c0nsume.me]: Error: getaddrinfo ENOTFOUND c0nsume.me c0nsume.me:80
[ERROR][20:21:12] [Tracker][ogar-tracker.tk]: Error: getaddrinfo ENOTFOUND ogar-tracker.tk ogar-tracker.tk:80
[ERROR][20:21:12] [Tracker][c0nsume.me]: Error: getaddrinfo ENOTFOUND c0nsume.me c0nsume.me:80
[ERROR][20:21:12] [Tracker][ogar-tracker.tk]: Error: getaddrinfo ENOTFOUND ogar-tracker.tk ogar-tracker.tk:80
[ERROR][20:21:12] [Tracker][c0nsume.me]: Error: getaddrinfo ENOTFOUND c0nsume.me c0nsume.me:80
[ERROR][20:21:12] [Tracker][ogar-tracker.tk]: Error: getaddrinfo ENOTFOUND ogar-tracker.tk ogar-tracker.tk:80
[ERROR][20:21:12] [Tracker][c0nsume.me]: Error: getaddrinfo ENOTFOUND c0nsume.me c0nsume.me:80
[ERROR][20:21:24] [Tracker][ogar-tracker.tk]: Error: getaddrinfo ENOTFOUND ogar-tracker.tk ogar-tracker.tk:80
[ERROR][20:21:24] [Tracker][c0nsume.me]: Error: getaddrinfo ENOTFOUND c0nsume.me c0nsume.me:80
[ERROR][20:21:24] [Tracker][ogar-tracker.tk]: Error: getaddrinfo ENOTFOUND ogar-tracker.tk ogar-tracker.tk:80
[ERROR][20:21:24] [Tracker][c0nsume.me]: Error: getaddrinfo ENOTFOUND c0nsume.me c0nsume.me:80
[ERROR][20:21:24] [Tracker][ogar-tracker.tk]: Error: getaddrinfo ENOTFOUND ogar-tracker.tk ogar-tracker.tk:80
[ERROR][20:21:24] [Tracker][c0nsume.me]: Error: getaddrinfo ENOTFOUND c0nsume.me c0nsume.me:80
[ERROR][20:21:24] [Tracker][ogar-tracker.tk]: Error: getaddrinfo ENOTFOUND ogar-tracker.tk ogar-tracker.tk:80
[ERROR][20:21:24] [Tracker][c0nsume.me]: Error: getaddrinfo ENOTFOUND c0nsume.me c0nsume.me:80
[ERROR][20:21:35] [Tracker][ogar-tracker.tk]: Error: getaddrinfo ENOTFOUND ogar-tracker.tk ogar-tracker.tk:80
[ERROR][20:21:35] [Tracker][c0nsume.me]: Error: getaddrinfo ENOTFOUND c0nsume.me c0nsume.me:80
[ERROR][20:21:35] [Tracker][ogar-tracker.tk]: Error: getaddrinfo ENOTFOUND ogar-tracker.tk ogar-tracker.tk:80
[ERROR][20:21:35] [Tracker][c0nsume.me]: Error: getaddrinfo ENOTFOUND c0nsume.me c0nsume.me:80
[ERROR][20:21:35] [Tracker][ogar-tracker.tk]: Error: getaddrinfo ENOTFOUND ogar-tracker.tk ogar-tracker.tk:80
[ERROR][20:21:35] [Tracker][c0nsume.me]: Error: getaddrinfo ENOTFOUND c0nsume.me c0nsume.me:80
[ERROR][20:21:35] [Tracker][ogar-tracker.tk]: Error: getaddrinfo ENOTFOUND ogar-tracker.tk ogar-tracker.tk:80
[ERROR][20:21:35] [Tracker][c0nsume.me]: Error: getaddrinfo ENOTFOUND c0nsume.me c0nsume.me:80
[ERROR][20:21:47] [Tracker][ogar-tracker.tk]: Error: getaddrinfo ENOTFOUND ogar-tracker.tk ogar-tracker.tk:80
[ERROR][20:21:47] [Tracker][ogar-tracker.tk]: Error: getaddrinfo ENOTFOUND ogar-tracker.tk ogar-tracker.tk:80
[ERROR][20:21:47] [Tracker][c0nsume.me]: Error: getaddrinfo ENOTFOUND c0nsume.me c0nsume.me:80
[ERROR][20:21:47] [Tracker][c0nsume.me]: Error: getaddrinfo ENOTFOUND c0nsume.me c0nsume.me:80
[ERROR][20:21:47] [Tracker][ogar-tracker.tk]: Error: getaddrinfo ENOTFOUND ogar-tracker.tk ogar-tracker.tk:80
[ERROR][20:21:47] [Tracker][c0nsume.me]: Error: getaddrinfo ENOTFOUND c0nsume.me c0nsume.me:80
[ERROR][20:21:47] [Tracker][ogar-tracker.tk]: Error: getaddrinfo ENOTFOUND ogar-tracker.tk ogar-tracker.tk:80
[ERROR][20:21:47] [Tracker][c0nsume.me]: Error: getaddrinfo ENOTFOUND c0nsume.me c0nsume.me:80
[ERROR][20:21:58] [Tracker][ogar-tracker.tk]: Error: getaddrinfo ENOTFOUND ogar-tracker.tk ogar-tracker.tk:80
[ERROR][20:21:58] [Tracker][ogar-tracker.tk]: Error: getaddrinfo ENOTFOUND ogar-tracker.tk ogar-tracker.tk:80
[ERROR][20:21:59] [Tracker][c0nsume.me]: Error: getaddrinfo ENOTFOUND c0nsume.me c0nsume.me:80
[ERROR][20:21:59] [Tracker][c0nsume.me]: Error: getaddrinfo ENOTFOUND c0nsume.me c0nsume.me:80
[ERROR][20:21:59] [Tracker][ogar-tracker.tk]: Error: getaddrinfo ENOTFOUND ogar-tracker.tk ogar-tracker.tk:80
[ERROR][20:21:59] [Tracker][c0nsume.me]: Error: getaddrinfo ENOTFOUND c0nsume.me c0nsume.me:80
[ERROR][20:21:59] [Tracker][ogar-tracker.tk]: Error: getaddrinfo ENOTFOUND ogar-tracker.tk ogar-tracker.tk:80
[ERROR][20:21:59] [Tracker][c0nsume.me]: Error: getaddrinfo ENOTFOUND c0nsume.me c0nsume.me:80
[ERROR][20:22:10] [Tracker][ogar-tracker.tk]: Error: getaddrinfo ENOTFOUND ogar-tracker.tk ogar-tracker.tk:80
[ERROR][20:22:10] [Tracker][ogar-tracker.tk]: Error: getaddrinfo ENOTFOUND ogar-tracker.tk ogar-tracker.tk:80
[ERROR][20:22:10] [Tracker][c0nsume.me]: Error: getaddrinfo ENOTFOUND c0nsume.me c0nsume.me:80
[ERROR][20:22:10] [Tracker][c0nsume.me]: Error: getaddrinfo ENOTFOUND c0nsume.me c0nsume.me:80
[ERROR][20:22:10] [Tracker][ogar-tracker.tk]: Error: getaddrinfo ENOTFOUND ogar-tracker.tk ogar-tracker.tk:80
[ERROR][20:22:10] [Tracker][c0nsume.me]: Error: getaddrinfo ENOTFOUND c0nsume.me c0nsume.me:80
[ERROR][20:22:10] [Tracker][ogar-tracker.tk]: Error: getaddrinfo ENOTFOUND ogar-tracker.tk ogar-tracker.tk:80
[ERROR][20:22:10] [Tracker][c0nsume.me]: Error: getaddrinfo ENOTFOUND c0nsume.me c0nsume.me:80
[NONE ][20:22:10] DISCONNECTED 127.0.0.1:52229, code: 1000, reason: "", name: ""
[NONE ][20:22:11]  Player has joined the server!
[NONE ][20:22:11] CONNECTED    127.0.0.1:52344, origin: "null"
[INFO ][20:22:11] Added 14 minions
[NONE ][20:22:11]  Player has joined the server!
[NONE ][20:22:11] CONNECTED    127.0.0.1:52345, origin: "null"
[INFO ][20:22:11] Added 14 minions
[NONE ][20:22:11] DISCONNECTED 127.0.0.1:52344, code: 1000, reason: "", name: ""
[ERROR][20:22:21] [Tracker][ogar-tracker.tk]: Error: getaddrinfo ENOTFOUND ogar-tracker.tk ogar-tracker.tk:80
[ERROR][20:22:21] [Tracker][ogar-tracker.tk]: Error: getaddrinfo ENOTFOUND ogar-tracker.tk ogar-tracker.tk:80
[ERROR][20:22:21] [Tracker][c0nsume.me]: Error: getaddrinfo ENOTFOUND c0nsume.me c0nsume.me:80
[ERROR][20:22:21] [Tracker][c0nsume.me]: Error: getaddrinfo ENOTFOUND c0nsume.me c0nsume.me:80
[ERROR][20:22:21] [Tracker][ogar-tracker.tk]: Error: getaddrinfo ENOTFOUND ogar-tracker.tk ogar-tracker.tk:80
[ERROR][20:22:21] [Tracker][c0nsume.me]: Error: getaddrinfo ENOTFOUND c0nsume.me c0nsume.me:80
[ERROR][20:22:21] [Tracker][ogar-tracker.tk]: Error: getaddrinfo ENOTFOUND ogar-tracker.tk ogar-tracker.tk:80
[ERROR][20:22:21] [Tracker][c0nsume.me]: Error: getaddrinfo ENOTFOUND c0nsume.me c0nsume.me:80
[ERROR][20:22:33] [Tracker][c0nsume.me]: Error: getaddrinfo ENOTFOUND c0nsume.me c0nsume.me:80
[ERROR][20:22:33] [Tracker][ogar-tracker.tk]: Error: getaddrinfo ENOTFOUND ogar-tracker.tk ogar-tracker.tk:80
[ERROR][20:22:33] [Tracker][ogar-tracker.tk]: Error: getaddrinfo ENOTFOUND ogar-tracker.tk ogar-tracker.tk:80
[ERROR][20:22:33] [Tracker][c0nsume.me]: Error: getaddrinfo ENOTFOUND c0nsume.me c0nsume.me:80
[ERROR][20:22:33] [Tracker][ogar-tracker.tk]: Error: getaddrinfo ENOTFOUND ogar-tracker.tk ogar-tracker.tk:80
[ERROR][20:22:33] [Tracker][c0nsume.me]: Error: getaddrinfo ENOTFOUND c0nsume.me c0nsume.me:80
[ERROR][20:22:33] [Tracker][ogar-tracker.tk]: Error: getaddrinfo ENOTFOUND ogar-tracker.tk ogar-tracker.tk:80
[ERROR][20:22:33] [Tracker][c0nsume.me]: Error: getaddrinfo ENOTFOUND c0nsume.me c0nsume.me:80
[ERROR][20:22:44] [Tracker][c0nsume.me]: Error: getaddrinfo ENOTFOUND c0nsume.me c0nsume.me:80
[ERROR][20:22:44] [Tracker][ogar-tracker.tk]: Error: getaddrinfo ENOTFOUND ogar-tracker.tk ogar-tracker.tk:80
[ERROR][20:22:44] [Tracker][ogar-tracker.tk]: Error: getaddrinfo ENOTFOUND ogar-tracker.tk ogar-tracker.tk:80
[ERROR][20:22:44] [Tracker][c0nsume.me]: Error: getaddrinfo ENOTFOUND c0nsume.me c0nsume.me:80
[ERROR][20:22:44] [Tracker][ogar-tracker.tk]: Error: getaddrinfo ENOTFOUND ogar-tracker.tk ogar-tracker.tk:80
[ERROR][20:22:44] [Tracker][c0nsume.me]: Error: getaddrinfo ENOTFOUND c0nsume.me c0nsume.me:80
[ERROR][20:22:44] [Tracker][ogar-tracker.tk]: Error: getaddrinfo ENOTFOUND ogar-tracker.tk ogar-tracker.tk:80
[ERROR][20:22:44] [Tracker][c0nsume.me]: Error: getaddrinfo ENOTFOUND c0nsume.me c0nsume.me:80
[ERROR][20:22:56] [Tracker][ogar-tracker.tk]: Error: getaddrinfo ENOTFOUND ogar-tracker.tk ogar-tracker.tk:80
[ERROR][20:22:56] [Tracker][ogar-tracker.tk]: Error: getaddrinfo ENOTFOUND ogar-tracker.tk ogar-tracker.tk:80
[ERROR][20:22:56] [Tracker][c0nsume.me]: Error: getaddrinfo ENOTFOUND c0nsume.me c0nsume.me:80
[ERROR][20:22:56] [Tracker][c0nsume.me]: Error: getaddrinfo ENOTFOUND c0nsume.me c0nsume.me:80
[ERROR][20:22:56] [Tracker][ogar-tracker.tk]: Error: getaddrinfo ENOTFOUND ogar-tracker.tk ogar-tracker.tk:80
[ERROR][20:22:56] [Tracker][c0nsume.me]: Error: getaddrinfo ENOTFOUND c0nsume.me c0nsume.me:80
[ERROR][20:22:56] [Tracker][ogar-tracker.tk]: Error: getaddrinfo ENOTFOUND ogar-tracker.tk ogar-tracker.tk:80
[ERROR][20:22:56] [Tracker][c0nsume.me]: Error: getaddrinfo ENOTFOUND c0nsume.me c0nsume.me:80
[ERROR][20:23:07] [Tracker][ogar-tracker.tk]: Error: getaddrinfo ENOTFOUND ogar-tracker.tk ogar-tracker.tk:80
[ERROR][20:23:07] [Tracker][c0nsume.me]: Error: getaddrinfo ENOTFOUND c0nsume.me c0nsume.me:80
[ERROR][20:23:07] [Tracker][ogar-tracker.tk]: Error: getaddrinfo ENOTFOUND ogar-tracker.tk ogar-tracker.tk:80
[ERROR][20:23:07] [Tracker][c0nsume.me]: Error: getaddrinfo ENOTFOUND c0nsume.me c0nsume.me:80
[ERROR][20:23:07] [Tracker][ogar-tracker.tk]: Error: getaddrinfo ENOTFOUND ogar-tracker.tk ogar-tracker.tk:80
[ERROR][20:23:07] [Tracker][c0nsume.me]: Error: getaddrinfo ENOTFOUND c0nsume.me c0nsume.me:80
[ERROR][20:23:07] [Tracker][ogar-tracker.tk]: Error: getaddrinfo ENOTFOUND ogar-tracker.tk ogar-tracker.tk:80
[ERROR][20:23:07] [Tracker][c0nsume.me]: Error: getaddrinfo ENOTFOUND c0nsume.me c0nsume.me:80
[ERROR][20:23:19] [Tracker][ogar-tracker.tk]: Error: getaddrinfo ENOTFOUND ogar-tracker.tk ogar-tracker.tk:80
[ERROR][20:23:19] [Tracker][ogar-tracker.tk]: Error: getaddrinfo ENOTFOUND ogar-tracker.tk ogar-tracker.tk:80
[ERROR][20:23:19] [Tracker][c0nsume.me]: Error: getaddrinfo ENOTFOUND c0nsume.me c0nsume.me:80
[ERROR][20:23:19] [Tracker][c0nsume.me]: Error: getaddrinfo ENOTFOUND c0nsume.me c0nsume.me:80
[ERROR][20:23:19] [Tracker][ogar-tracker.tk]: Error: getaddrinfo ENOTFOUND ogar-tracker.tk ogar-tracker.tk:80
[ERROR][20:23:19] [Tracker][c0nsume.me]: Error: getaddrinfo ENOTFOUND c0nsume.me c0nsume.me:80
[ERROR][20:23:19] [Tracker][ogar-tracker.tk]: Error: getaddrinfo ENOTFOUND ogar-tracker.tk ogar-tracker.tk:80
[ERROR][20:23:19] [Tracker][c0nsume.me]: Error: getaddrinfo ENOTFOUND c0nsume.me c0nsume.me:80
[ERROR][20:23:30] [Tracker][ogar-tracker.tk]: Error: getaddrinfo ENOTFOUND ogar-tracker.tk ogar-tracker.tk:80
[ERROR][20:23:30] [Tracker][c0nsume.me]: Error: getaddrinfo ENOTFOUND c0nsume.me c0nsume.me:80
[ERROR][20:23:30] [Tracker][ogar-tracker.tk]: Error: getaddrinfo ENOTFOUND ogar-tracker.tk ogar-tracker.tk:80
[ERROR][20:23:30] [Tracker][c0nsume.me]: Error: getaddrinfo ENOTFOUND c0nsume.me c0nsume.me:80
[ERROR][20:23:30] [Tracker][ogar-tracker.tk]: Error: getaddrinfo ENOTFOUND ogar-tracker.tk ogar-tracker.tk:80
[ERROR][20:23:30] [Tracker][c0nsume.me]: Error: getaddrinfo ENOTFOUND c0nsume.me c0nsume.me:80
[ERROR][20:23:30] [Tracker][ogar-tracker.tk]: Error: getaddrinfo ENOTFOUND ogar-tracker.tk ogar-tracker.tk:80
[ERROR][20:23:30] [Tracker][c0nsume.me]: Error: getaddrinfo ENOTFOUND c0nsume.me c0nsume.me:80
[ERROR][20:23:42] [Tracker][c0nsume.me]: Error: getaddrinfo ENOTFOUND c0nsume.me c0nsume.me:80
[ERROR][20:23:42] [Tracker][ogar-tracker.tk]: Error: getaddrinfo ENOTFOUND ogar-tracker.tk ogar-tracker.tk:80
[ERROR][20:23:42] [Tracker][ogar-tracker.tk]: Error: getaddrinfo ENOTFOUND ogar-tracker.tk ogar-tracker.tk:80
[ERROR][20:23:42] [Tracker][c0nsume.me]: Error: getaddrinfo ENOTFOUND c0nsume.me c0nsume.me:80
[ERROR][20:23:42] [Tracker][ogar-tracker.tk]: Error: getaddrinfo ENOTFOUND ogar-tracker.tk ogar-tracker.tk:80
[ERROR][20:23:42] [Tracker][c0nsume.me]: Error: getaddrinfo ENOTFOUND c0nsume.me c0nsume.me:80
[ERROR][20:23:42] [Tracker][ogar-tracker.tk]: Error: getaddrinfo ENOTFOUND ogar-tracker.tk ogar-tracker.tk:80
[ERROR][20:23:42] [Tracker][c0nsume.me]: Error: getaddrinfo ENOTFOUND c0nsume.me c0nsume.me:80
[ERROR][20:23:53] [Tracker][c0nsume.me]: Error: getaddrinfo ENOTFOUND c0nsume.me c0nsume.me:80
[ERROR][20:23:53] [Tracker][ogar-tracker.tk]: Error: getaddrinfo ENOTFOUND ogar-tracker.tk ogar-tracker.tk:80
[ERROR][20:23:53] [Tracker][ogar-tracker.tk]: Error: getaddrinfo ENOTFOUND ogar-tracker.tk ogar-tracker.tk:80
[ERROR][20:23:53] [Tracker][c0nsume.me]: Error: getaddrinfo ENOTFOUND c0nsume.me c0nsume.me:80
[ERROR][20:23:53] [Tracker][ogar-tracker.tk]: Error: getaddrinfo ENOTFOUND ogar-tracker.tk ogar-tracker.tk:80
[ERROR][20:23:53] [Tracker][c0nsume.me]: Error: getaddrinfo ENOTFOUND c0nsume.me c0nsume.me:80
[ERROR][20:23:53] [Tracker][ogar-tracker.tk]: Error: getaddrinfo ENOTFOUND ogar-tracker.tk ogar-tracker.tk:80
[ERROR][20:23:53] [Tracker][c0nsume.me]: Error: getaddrinfo ENOTFOUND c0nsume.me c0nsume.me:80
[ERROR][20:24:05] [Tracker][ogar-tracker.tk]: Error: getaddrinfo ENOTFOUND ogar-tracker.tk ogar-tracker.tk:80
[ERROR][20:24:05] [Tracker][c0nsume.me]: Error: getaddrinfo ENOTFOUND c0nsume.me c0nsume.me:80
[ERROR][20:24:05] [Tracker][ogar-tracker.tk]: Error: getaddrinfo ENOTFOUND ogar-tracker.tk ogar-tracker.tk:80
[ERROR][20:24:05] [Tracker][c0nsume.me]: Error: getaddrinfo ENOTFOUND c0nsume.me c0nsume.me:80
[ERROR][20:24:05] [Tracker][ogar-tracker.tk]: Error: getaddrinfo ENOTFOUND ogar-tracker.tk ogar-tracker.tk:80
[ERROR][20:24:05] [Tracker][c0nsume.me]: Error: getaddrinfo ENOTFOUND c0nsume.me c0nsume.me:80
[ERROR][20:24:05] [Tracker][ogar-tracker.tk]: Error: getaddrinfo ENOTFOUND ogar-tracker.tk ogar-tracker.tk:80
[ERROR][20:24:05] [Tracker][c0nsume.me]: Error: getaddrinfo ENOTFOUND c0nsume.me c0nsume.me:80
[ERROR][20:24:16] [Tracker][ogar-tracker.tk]: Error: getaddrinfo ENOTFOUND ogar-tracker.tk ogar-tracker.tk:80
[ERROR][20:24:16] [Tracker][ogar-tracker.tk]: Error: getaddrinfo ENOTFOUND ogar-tracker.tk ogar-tracker.tk:80
[ERROR][20:24:17] [Tracker][c0nsume.me]: Error: getaddrinfo ENOTFOUND c0nsume.me c0nsume.me:80
[ERROR][20:24:17] [Tracker][c0nsume.me]: Error: getaddrinfo ENOTFOUND c0nsume.me c0nsume.me:80
[ERROR][20:24:17] [Tracker][ogar-tracker.tk]: Error: getaddrinfo ENOTFOUND ogar-tracker.tk ogar-tracker.tk:80
[ERROR][20:24:17] [Tracker][c0nsume.me]: Error: getaddrinfo ENOTFOUND c0nsume.me c0nsume.me:80
[ERROR][20:24:17] [Tracker][ogar-tracker.tk]: Error: getaddrinfo ENOTFOUND ogar-tracker.tk ogar-tracker.tk:80
[ERROR][20:24:17] [Tracker][c0nsume.me]: Error: getaddrinfo ENOTFOUND c0nsume.me c0nsume.me:80
[ERROR][20:24:28] [Tracker][c0nsume.me]: Error: getaddrinfo ENOTFOUND c0nsume.me c0nsume.me:80
[ERROR][20:24:28] [Tracker][ogar-tracker.tk]: Error: getaddrinfo ENOTFOUND ogar-tracker.tk ogar-tracker.tk:80
[ERROR][20:24:28] [Tracker][c0nsume.me]: Error: getaddrinfo ENOTFOUND c0nsume.me c0nsume.me:80
[ERROR][20:24:28] [Tracker][ogar-tracker.tk]: Error: getaddrinfo ENOTFOUND ogar-tracker.tk ogar-tracker.tk:80
[ERROR][20:24:28] [Tracker][ogar-tracker.tk]: Error: getaddrinfo ENOTFOUND ogar-tracker.tk ogar-tracker.tk:80
[ERROR][20:24:28] [Tracker][c0nsume.me]: Error: getaddrinfo ENOTFOUND c0nsume.me c0nsume.me:80
[ERROR][20:24:28] [Tracker][ogar-tracker.tk]: Error: getaddrinfo ENOTFOUND ogar-tracker.tk ogar-tracker.tk:80
[ERROR][20:24:28] [Tracker][c0nsume.me]: Error: getaddrinfo ENOTFOUND c0nsume.me c0nsume.me:80
[ERROR][20:24:39] [Tracker][ogar-tracker.tk]: Error: getaddrinfo ENOTFOUND ogar-tracker.tk ogar-tracker.tk:80
[ERROR][20:24:39] [Tracker][ogar-tracker.tk]: Error: getaddrinfo ENOTFOUND ogar-tracker.tk ogar-tracker.tk:80
[ERROR][20:24:39] [Tracker][c0nsume.me]: Error: getaddrinfo ENOTFOUND c0nsume.me c0nsume.me:80
[ERROR][20:24:39] [Tracker][c0nsume.me]: Error: getaddrinfo ENOTFOUND c0nsume.me c0nsume.me:80
[ERROR][20:24:39] [Tracker][ogar-tracker.tk]: Error: getaddrinfo ENOTFOUND ogar-tracker.tk ogar-tracker.tk:80
[ERROR][20:24:39] [Tracker][c0nsume.me]: Error: getaddrinfo ENOTFOUND c0nsume.me c0nsume.me:80
[ERROR][20:24:40] [Tracker][ogar-tracker.tk]: Error: getaddrinfo ENOTFOUND ogar-tracker.tk ogar-tracker.tk:80
[ERROR][20:24:40] [Tracker][c0nsume.me]: Error: getaddrinfo ENOTFOUND c0nsume.me c0nsume.me:80
[ERROR][20:24:51] [Tracker][ogar-tracker.tk]: Error: getaddrinfo ENOTFOUND ogar-tracker.tk ogar-tracker.tk:80
[ERROR][20:24:51] [Tracker][ogar-tracker.tk]: Error: getaddrinfo ENOTFOUND ogar-tracker.tk ogar-tracker.tk:80
[ERROR][20:24:51] [Tracker][c0nsume.me]: Error: getaddrinfo ENOTFOUND c0nsume.me c0nsume.me:80
[ERROR][20:24:51] [Tracker][c0nsume.me]: Error: getaddrinfo ENOTFOUND c0nsume.me c0nsume.me:80
[ERROR][20:24:51] [Tracker][ogar-tracker.tk]: Error: getaddrinfo ENOTFOUND ogar-tracker.tk ogar-tracker.tk:80
[ERROR][20:24:51] [Tracker][c0nsume.me]: Error: getaddrinfo ENOTFOUND c0nsume.me c0nsume.me:80
[ERROR][20:24:51] [Tracker][ogar-tracker.tk]: Error: getaddrinfo ENOTFOUND ogar-tracker.tk ogar-tracker.tk:80
[ERROR][20:24:51] [Tracker][c0nsume.me]: Error: getaddrinfo ENOTFOUND c0nsume.me c0nsume.me:80
[ERROR][20:25:02] [Tracker][c0nsume.me]: Error: getaddrinfo ENOTFOUND c0nsume.me c0nsume.me:80
[ERROR][20:25:02] [Tracker][ogar-tracker.tk]: Error: getaddrinfo ENOTFOUND ogar-tracker.tk ogar-tracker.tk:80
[ERROR][20:25:02] [Tracker][ogar-tracker.tk]: Error: getaddrinfo ENOTFOUND ogar-tracker.tk ogar-tracker.tk:80
[ERROR][20:25:02] [Tracker][c0nsume.me]: Error: getaddrinfo ENOTFOUND c0nsume.me c0nsume.me:80
[ERROR][20:25:03] [Tracker][ogar-tracker.tk]: Error: getaddrinfo ENOTFOUND ogar-tracker.tk ogar-tracker.tk:80
[ERROR][20:25:03] [Tracker][c0nsume.me]: Error: getaddrinfo ENOTFOUND c0nsume.me c0nsume.me:80
[ERROR][20:25:03] [Tracker][ogar-tracker.tk]: Error: getaddrinfo ENOTFOUND ogar-tracker.tk ogar-tracker.tk:80
[ERROR][20:25:03] [Tracker][c0nsume.me]: Error: getaddrinfo ENOTFOUND c0nsume.me c0nsume.me:80
[ERROR][20:25:14] [Tracker][c0nsume.me]: Error: getaddrinfo ENOTFOUND c0nsume.me c0nsume.me:80
[ERROR][20:25:14] [Tracker][ogar-tracker.tk]: Error: getaddrinfo ENOTFOUND ogar-tracker.tk ogar-tracker.tk:80
[ERROR][20:25:14] [Tracker][ogar-tracker.tk]: Error: getaddrinfo ENOTFOUND ogar-tracker.tk ogar-tracker.tk:80
[ERROR][20:25:14] [Tracker][c0nsume.me]: Error: getaddrinfo ENOTFOUND c0nsume.me c0nsume.me:80
[ERROR][20:25:14] [Tracker][ogar-tracker.tk]: Error: getaddrinfo ENOTFOUND ogar-tracker.tk ogar-tracker.tk:80
[ERROR][20:25:14] [Tracker][c0nsume.me]: Error: getaddrinfo ENOTFOUND c0nsume.me c0nsume.me:80
[ERROR][20:25:14] [Tracker][ogar-tracker.tk]: Error: getaddrinfo ENOTFOUND ogar-tracker.tk ogar-tracker.tk:80
[ERROR][20:25:14] [Tracker][c0nsume.me]: Error: getaddrinfo ENOTFOUND c0nsume.me c0nsume.me:80
[ERROR][20:25:25] [Tracker][ogar-tracker.tk]: Error: getaddrinfo ENOTFOUND ogar-tracker.tk ogar-tracker.tk:80
[ERROR][20:25:25] [Tracker][ogar-tracker.tk]: Error: getaddrinfo ENOTFOUND ogar-tracker.tk ogar-tracker.tk:80
[ERROR][20:25:26] [Tracker][c0nsume.me]: Error: getaddrinfo ENOTFOUND c0nsume.me c0nsume.me:80
[ERROR][20:25:26] [Tracker][c0nsume.me]: Error: getaddrinfo ENOTFOUND c0nsume.me c0nsume.me:80
[ERROR][20:25:26] [Tracker][ogar-tracker.tk]: Error: getaddrinfo ENOTFOUND ogar-tracker.tk ogar-tracker.tk:80
[ERROR][20:25:26] [Tracker][c0nsume.me]: Error: getaddrinfo ENOTFOUND c0nsume.me c0nsume.me:80
[ERROR][20:25:26] [Tracker][ogar-tracker.tk]: Error: getaddrinfo ENOTFOUND ogar-tracker.tk ogar-tracker.tk:80
[ERROR][20:25:26] [Tracker][c0nsume.me]: Error: getaddrinfo ENOTFOUND c0nsume.me c0nsume.me:80
[ERROR][20:25:37] [Tracker][ogar-tracker.tk]: Error: getaddrinfo ENOTFOUND ogar-tracker.tk ogar-tracker.tk:80
[ERROR][20:25:37] [Tracker][ogar-tracker.tk]: Error: getaddrinfo ENOTFOUND ogar-tracker.tk ogar-tracker.tk:80
[ERROR][20:25:37] [Tracker][c0nsume.me]: Error: getaddrinfo ENOTFOUND c0nsume.me c0nsume.me:80
[ERROR][20:25:37] [Tracker][c0nsume.me]: Error: getaddrinfo ENOTFOUND c0nsume.me c0nsume.me:80
[ERROR][20:25:37] [Tracker][ogar-tracker.tk]: Error: getaddrinfo ENOTFOUND ogar-tracker.tk ogar-tracker.tk:80
[ERROR][20:25:37] [Tracker][c0nsume.me]: Error: getaddrinfo ENOTFOUND c0nsume.me c0nsume.me:80
[ERROR][20:25:37] [Tracker][ogar-tracker.tk]: Error: getaddrinfo ENOTFOUND ogar-tracker.tk ogar-tracker.tk:80
[ERROR][20:25:37] [Tracker][c0nsume.me]: Error: getaddrinfo ENOTFOUND c0nsume.me c0nsume.me:80
[ERROR][20:25:48] [Tracker][c0nsume.me]: Error: getaddrinfo ENOTFOUND c0nsume.me c0nsume.me:80
[ERROR][20:25:49] [Tracker][ogar-tracker.tk]: Error: getaddrinfo ENOTFOUND ogar-tracker.tk ogar-tracker.tk:80
[ERROR][20:25:49] [Tracker][ogar-tracker.tk]: Error: getaddrinfo ENOTFOUND ogar-tracker.tk ogar-tracker.tk:80
[ERROR][20:25:49] [Tracker][c0nsume.me]: Error: getaddrinfo ENOTFOUND c0nsume.me c0nsume.me:80
[ERROR][20:25:49] [Tracker][ogar-tracker.tk]: Error: getaddrinfo ENOTFOUND ogar-tracker.tk ogar-tracker.tk:80
[ERROR][20:25:49] [Tracker][c0nsume.me]: Error: getaddrinfo ENOTFOUND c0nsume.me c0nsume.me:80
[ERROR][20:25:49] [Tracker][ogar-tracker.tk]: Error: getaddrinfo ENOTFOUND ogar-tracker.tk ogar-tracker.tk:80
[ERROR][20:25:49] [Tracker][c0nsume.me]: Error: getaddrinfo ENOTFOUND c0nsume.me c0nsume.me:80
[ERROR][20:26:00] [Tracker][c0nsume.me]: Error: getaddrinfo ENOTFOUND c0nsume.me c0nsume.me:80
[ERROR][20:26:00] [Tracker][ogar-tracker.tk]: Error: getaddrinfo ENOTFOUND ogar-tracker.tk ogar-tracker.tk:80
[ERROR][20:26:00] [Tracker][ogar-tracker.tk]: Error: getaddrinfo ENOTFOUND ogar-tracker.tk ogar-tracker.tk:80
[ERROR][20:26:00] [Tracker][c0nsume.me]: Error: getaddrinfo ENOTFOUND c0nsume.me c0nsume.me:80
[ERROR][20:26:00] [Tracker][ogar-tracker.tk]: Error: getaddrinfo ENOTFOUND ogar-tracker.tk ogar-tracker.tk:80
[ERROR][20:26:00] [Tracker][c0nsume.me]: Error: getaddrinfo ENOTFOUND c0nsume.me c0nsume.me:80
[ERROR][20:26:00] [Tracker][ogar-tracker.tk]: Error: getaddrinfo ENOTFOUND ogar-tracker.tk ogar-tracker.tk:80
[ERROR][20:26:00] [Tracker][c0nsume.me]: Error: getaddrinfo ENOTFOUND c0nsume.me c0nsume.me:80
[ERROR][20:26:12] [Tracker][ogar-tracker.tk]: Error: getaddrinfo ENOTFOUND ogar-tracker.tk ogar-tracker.tk:80
[ERROR][20:26:12] [Tracker][c0nsume.me]: Error: getaddrinfo ENOTFOUND c0nsume.me c0nsume.me:80
[ERROR][20:26:12] [Tracker][ogar-tracker.tk]: Error: getaddrinfo ENOTFOUND ogar-tracker.tk ogar-tracker.tk:80
[ERROR][20:26:12] [Tracker][c0nsume.me]: Error: getaddrinfo ENOTFOUND c0nsume.me c0nsume.me:80
[ERROR][20:26:12] [Tracker][ogar-tracker.tk]: Error: getaddrinfo ENOTFOUND ogar-tracker.tk ogar-tracker.tk:80
[ERROR][20:26:12] [Tracker][c0nsume.me]: Error: getaddrinfo ENOTFOUND c0nsume.me c0nsume.me:80
[ERROR][20:26:12] [Tracker][ogar-tracker.tk]: Error: getaddrinfo ENOTFOUND ogar-tracker.tk ogar-tracker.tk:80
[ERROR][20:26:12] [Tracker][c0nsume.me]: Error: getaddrinfo ENOTFOUND c0nsume.me c0nsume.me:80
[ERROR][20:26:23] [Tracker][c0nsume.me]: Error: getaddrinfo ENOTFOUND c0nsume.me c0nsume.me:80
[ERROR][20:26:23] [Tracker][ogar-tracker.tk]: Error: getaddrinfo ENOTFOUND ogar-tracker.tk ogar-tracker.tk:80
[ERROR][20:26:23] [Tracker][ogar-tracker.tk]: Error: getaddrinfo ENOTFOUND ogar-tracker.tk ogar-tracker.tk:80
[ERROR][20:26:23] [Tracker][c0nsume.me]: Error: getaddrinfo ENOTFOUND c0nsume.me c0nsume.me:80
[ERROR][20:26:23] [Tracker][ogar-tracker.tk]: Error: getaddrinfo ENOTFOUND ogar-tracker.tk ogar-tracker.tk:80
[ERROR][20:26:23] [Tracker][c0nsume.me]: Error: getaddrinfo ENOTFOUND c0nsume.me c0nsume.me:80
[ERROR][20:26:23] [Tracker][ogar-tracker.tk]: Error: getaddrinfo ENOTFOUND ogar-tracker.tk ogar-tracker.tk:80
[ERROR][20:26:23] [Tracker][c0nsume.me]: Error: getaddrinfo ENOTFOUND c0nsume.me c0nsume.me:80
[ERROR][20:26:35] [Tracker][ogar-tracker.tk]: Error: getaddrinfo ENOTFOUND ogar-tracker.tk ogar-tracker.tk:80
[ERROR][20:26:35] [Tracker][ogar-tracker.tk]: Error: getaddrinfo ENOTFOUND ogar-tracker.tk ogar-tracker.tk:80
[ERROR][20:26:35] [Tracker][c0nsume.me]: Error: getaddrinfo ENOTFOUND c0nsume.me c0nsume.me:80
[ERROR][20:26:35] [Tracker][c0nsume.me]: Error: getaddrinfo ENOTFOUND c0nsume.me c0nsume.me:80
[ERROR][20:26:35] [Tracker][ogar-tracker.tk]: Error: getaddrinfo ENOTFOUND ogar-tracker.tk ogar-tracker.tk:80
[ERROR][20:26:35] [Tracker][c0nsume.me]: Error: getaddrinfo ENOTFOUND c0nsume.me c0nsume.me:80
[ERROR][20:26:35] [Tracker][ogar-tracker.tk]: Error: getaddrinfo ENOTFOUND ogar-tracker.tk ogar-tracker.tk:80
[ERROR][20:26:35] [Tracker][c0nsume.me]: Error: getaddrinfo ENOTFOUND c0nsume.me c0nsume.me:80
[ERROR][20:26:46] [Tracker][c0nsume.me]: Error: getaddrinfo ENOTFOUND c0nsume.me c0nsume.me:80
[ERROR][20:26:46] [Tracker][ogar-tracker.tk]: Error: getaddrinfo ENOTFOUND ogar-tracker.tk ogar-tracker.tk:80
[ERROR][20:26:46] [Tracker][ogar-tracker.tk]: Error: getaddrinfo ENOTFOUND ogar-tracker.tk ogar-tracker.tk:80
[ERROR][20:26:46] [Tracker][c0nsume.me]: Error: getaddrinfo ENOTFOUND c0nsume.me c0nsume.me:80
[ERROR][20:26:46] [Tracker][ogar-tracker.tk]: Error: getaddrinfo ENOTFOUND ogar-tracker.tk ogar-tracker.tk:80
[ERROR][20:26:46] [Tracker][c0nsume.me]: Error: getaddrinfo ENOTFOUND c0nsume.me c0nsume.me:80
[ERROR][20:26:46] [Tracker][ogar-tracker.tk]: Error: getaddrinfo ENOTFOUND ogar-tracker.tk ogar-tracker.tk:80
[ERROR][20:26:46] [Tracker][c0nsume.me]: Error: getaddrinfo ENOTFOUND c0nsume.me c0nsume.me:80
[ERROR][20:26:58] [Tracker][ogar-tracker.tk]: Error: getaddrinfo ENOTFOUND ogar-tracker.tk ogar-tracker.tk:80
[ERROR][20:26:58] [Tracker][ogar-tracker.tk]: Error: getaddrinfo ENOTFOUND ogar-tracker.tk ogar-tracker.tk:80
[ERROR][20:26:58] [Tracker][c0nsume.me]: Error: getaddrinfo ENOTFOUND c0nsume.me c0nsume.me:80
[ERROR][20:26:58] [Tracker][c0nsume.me]: Error: getaddrinfo ENOTFOUND c0nsume.me c0nsume.me:80
[ERROR][20:26:58] [Tracker][ogar-tracker.tk]: Error: getaddrinfo ENOTFOUND ogar-tracker.tk ogar-tracker.tk:80
[ERROR][20:26:58] [Tracker][c0nsume.me]: Error: getaddrinfo ENOTFOUND c0nsume.me c0nsume.me:80
[ERROR][20:26:58] [Tracker][ogar-tracker.tk]: Error: getaddrinfo ENOTFOUND ogar-tracker.tk ogar-tracker.tk:80
[ERROR][20:26:58] [Tracker][c0nsume.me]: Error: getaddrinfo ENOTFOUND c0nsume.me c0nsume.me:80
[ERROR][20:27:09] [Tracker][c0nsume.me]: Error: getaddrinfo ENOTFOUND c0nsume.me c0nsume.me:80
[ERROR][20:27:09] [Tracker][ogar-tracker.tk]: Error: getaddrinfo ENOTFOUND ogar-tracker.tk ogar-tracker.tk:80
[ERROR][20:27:09] [Tracker][ogar-tracker.tk]: Error: getaddrinfo ENOTFOUND ogar-tracker.tk ogar-tracker.tk:80
[ERROR][20:27:09] [Tracker][c0nsume.me]: Error: getaddrinfo ENOTFOUND c0nsume.me c0nsume.me:80
[ERROR][20:27:09] [Tracker][ogar-tracker.tk]: Error: getaddrinfo ENOTFOUND ogar-tracker.tk ogar-tracker.tk:80
[ERROR][20:27:09] [Tracker][c0nsume.me]: Error: getaddrinfo ENOTFOUND c0nsume.me c0nsume.me:80
[ERROR][20:27:09] [Tracker][ogar-tracker.tk]: Error: getaddrinfo ENOTFOUND ogar-tracker.tk ogar-tracker.tk:80
[ERROR][20:27:09] [Tracker][c0nsume.me]: Error: getaddrinfo ENOTFOUND c0nsume.me c0nsume.me:80
[ERROR][20:27:21] [Tracker][ogar-tracker.tk]: Error: getaddrinfo ENOTFOUND ogar-tracker.tk ogar-tracker.tk:80
[ERROR][20:27:21] [Tracker][c0nsume.me]: Error: getaddrinfo ENOTFOUND c0nsume.me c0nsume.me:80
[ERROR][20:27:21] [Tracker][ogar-tracker.tk]: Error: getaddrinfo ENOTFOUND ogar-tracker.tk ogar-tracker.tk:80
[ERROR][20:27:21] [Tracker][c0nsume.me]: Error: getaddrinfo ENOTFOUND c0nsume.me c0nsume.me:80
[ERROR][20:27:21] [Tracker][ogar-tracker.tk]: Error: getaddrinfo ENOTFOUND ogar-tracker.tk ogar-tracker.tk:80
[ERROR][20:27:21] [Tracker][c0nsume.me]: Error: getaddrinfo ENOTFOUND c0nsume.me c0nsume.me:80
[ERROR][20:27:21] [Tracker][ogar-tracker.tk]: Error: getaddrinfo ENOTFOUND ogar-tracker.tk ogar-tracker.tk:80
[ERROR][20:27:21] [Tracker][c0nsume.me]: Error: getaddrinfo ENOTFOUND c0nsume.me c0nsume.me:80
[ERROR][20:27:32] [Tracker][c0nsume.me]: Error: getaddrinfo ENOTFOUND c0nsume.me c0nsume.me:80
[ERROR][20:27:32] [Tracker][ogar-tracker.tk]: Error: getaddrinfo ENOTFOUND ogar-tracker.tk ogar-tracker.tk:80
[ERROR][20:27:32] [Tracker][ogar-tracker.tk]: Error: getaddrinfo ENOTFOUND ogar-tracker.tk ogar-tracker.tk:80
[ERROR][20:27:32] [Tracker][c0nsume.me]: Error: getaddrinfo ENOTFOUND c0nsume.me c0nsume.me:80
[ERROR][20:27:32] [Tracker][ogar-tracker.tk]: Error: getaddrinfo ENOTFOUND ogar-tracker.tk ogar-tracker.tk:80
[ERROR][20:27:32] [Tracker][c0nsume.me]: Error: getaddrinfo ENOTFOUND c0nsume.me c0nsume.me:80
[ERROR][20:27:32] [Tracker][ogar-tracker.tk]: Error: getaddrinfo ENOTFOUND ogar-tracker.tk ogar-tracker.tk:80
[ERROR][20:27:32] [Tracker][c0nsume.me]: Error: getaddrinfo ENOTFOUND c0nsume.me c0nsume.me:80
[ERROR][20:27:44] [Tracker][ogar-tracker.tk]: Error: getaddrinfo ENOTFOUND ogar-tracker.tk ogar-tracker.tk:80
[ERROR][20:27:44] [Tracker][c0nsume.me]: Error: getaddrinfo ENOTFOUND c0nsume.me c0nsume.me:80
[ERROR][20:27:44] [Tracker][ogar-tracker.tk]: Error: getaddrinfo ENOTFOUND ogar-tracker.tk ogar-tracker.tk:80
[ERROR][20:27:44] [Tracker][c0nsume.me]: Error: getaddrinfo ENOTFOUND c0nsume.me c0nsume.me:80
[ERROR][20:27:44] [Tracker][ogar-tracker.tk]: Error: getaddrinfo ENOTFOUND ogar-tracker.tk ogar-tracker.tk:80
[ERROR][20:27:44] [Tracker][c0nsume.me]: Error: getaddrinfo ENOTFOUND c0nsume.me c0nsume.me:80
[ERROR][20:27:44] [Tracker][ogar-tracker.tk]: Error: getaddrinfo ENOTFOUND ogar-tracker.tk ogar-tracker.tk:80
[ERROR][20:27:44] [Tracker][c0nsume.me]: Error: getaddrinfo ENOTFOUND c0nsume.me c0nsume.me:80
[ERROR][20:27:55] [Tracker][c0nsume.me]: Error: getaddrinfo ENOTFOUND c0nsume.me c0nsume.me:80
[ERROR][20:27:55] [Tracker][ogar-tracker.tk]: Error: getaddrinfo ENOTFOUND ogar-tracker.tk ogar-tracker.tk:80
[ERROR][20:27:55] [Tracker][ogar-tracker.tk]: Error: getaddrinfo ENOTFOUND ogar-tracker.tk ogar-tracker.tk:80
[ERROR][20:27:55] [Tracker][c0nsume.me]: Error: getaddrinfo ENOTFOUND c0nsume.me c0nsume.me:80
[ERROR][20:27:55] [Tracker][ogar-tracker.tk]: Error: getaddrinfo ENOTFOUND ogar-tracker.tk ogar-tracker.tk:80
[ERROR][20:27:55] [Tracker][c0nsume.me]: Error: getaddrinfo ENOTFOUND c0nsume.me c0nsume.me:80
[ERROR][20:27:55] [Tracker][ogar-tracker.tk]: Error: getaddrinfo ENOTFOUND ogar-tracker.tk ogar-tracker.tk:80
[ERROR][20:27:55] [Tracker][c0nsume.me]: Error: getaddrinfo ENOTFOUND c0nsume.me c0nsume.me:80
[ERROR][20:28:07] [Tracker][ogar-tracker.tk]: Error: getaddrinfo ENOTFOUND ogar-tracker.tk ogar-tracker.tk:80
[ERROR][20:28:07] [Tracker][ogar-tracker.tk]: Error: getaddrinfo ENOTFOUND ogar-tracker.tk ogar-tracker.tk:80
[ERROR][20:28:07] [Tracker][c0nsume.me]: Error: getaddrinfo ENOTFOUND c0nsume.me c0nsume.me:80
[ERROR][20:28:07] [Tracker][c0nsume.me]: Error: getaddrinfo ENOTFOUND c0nsume.me c0nsume.me:80
[ERROR][20:28:07] [Tracker][ogar-tracker.tk]: Error: getaddrinfo ENOTFOUND ogar-tracker.tk ogar-tracker.tk:80
[ERROR][20:28:07] [Tracker][c0nsume.me]: Error: getaddrinfo ENOTFOUND c0nsume.me c0nsume.me:80
[ERROR][20:28:07] [Tracker][ogar-tracker.tk]: Error: getaddrinfo ENOTFOUND ogar-tracker.tk ogar-tracker.tk:80
[ERROR][20:28:07] [Tracker][c0nsume.me]: Error: getaddrinfo ENOTFOUND c0nsume.me c0nsume.me:80
[ERROR][20:28:18] [Tracker][ogar-tracker.tk]: Error: getaddrinfo ENOTFOUND ogar-tracker.tk ogar-tracker.tk:80
[ERROR][20:28:18] [Tracker][c0nsume.me]: Error: getaddrinfo ENOTFOUND c0nsume.me c0nsume.me:80
[ERROR][20:28:18] [Tracker][ogar-tracker.tk]: Error: getaddrinfo ENOTFOUND ogar-tracker.tk ogar-tracker.tk:80
[ERROR][20:28:18] [Tracker][c0nsume.me]: Error: getaddrinfo ENOTFOUND c0nsume.me c0nsume.me:80
[ERROR][20:28:18] [Tracker][ogar-tracker.tk]: Error: getaddrinfo ENOTFOUND ogar-tracker.tk ogar-tracker.tk:80
[ERROR][20:28:18] [Tracker][c0nsume.me]: Error: getaddrinfo ENOTFOUND c0nsume.me c0nsume.me:80
[ERROR][20:28:18] [Tracker][ogar-tracker.tk]: Error: getaddrinfo ENOTFOUND ogar-tracker.tk ogar-tracker.tk:80
[ERROR][20:28:18] [Tracker][c0nsume.me]: Error: getaddrinfo ENOTFOUND c0nsume.me c0nsume.me:80
[ERROR][20:28:30] [Tracker][c0nsume.me]: Error: getaddrinfo ENOTFOUND c0nsume.me c0nsume.me:80
[ERROR][20:28:30] [Tracker][ogar-tracker.tk]: Error: getaddrinfo ENOTFOUND ogar-tracker.tk ogar-tracker.tk:80
[ERROR][20:28:30] [Tracker][ogar-tracker.tk]: Error: getaddrinfo ENOTFOUND ogar-tracker.tk ogar-tracker.tk:80
[ERROR][20:28:30] [Tracker][c0nsume.me]: Error: getaddrinfo ENOTFOUND c0nsume.me c0nsume.me:80
[ERROR][20:28:30] [Tracker][ogar-tracker.tk]: Error: getaddrinfo ENOTFOUND ogar-tracker.tk ogar-tracker.tk:80
[ERROR][20:28:30] [Tracker][c0nsume.me]: Error: getaddrinfo ENOTFOUND c0nsume.me c0nsume.me:80
[ERROR][20:28:30] [Tracker][ogar-tracker.tk]: Error: getaddrinfo ENOTFOUND ogar-tracker.tk ogar-tracker.tk:80
[ERROR][20:28:30] [Tracker][c0nsume.me]: Error: getaddrinfo ENOTFOUND c0nsume.me c0nsume.me:80
[ERROR][20:28:41] [Tracker][c0nsume.me]: Error: getaddrinfo ENOTFOUND c0nsume.me c0nsume.me:80
[ERROR][20:28:41] [Tracker][ogar-tracker.tk]: Error: getaddrinfo ENOTFOUND ogar-tracker.tk ogar-tracker.tk:80
[ERROR][20:28:41] [Tracker][ogar-tracker.tk]: Error: getaddrinfo ENOTFOUND ogar-tracker.tk ogar-tracker.tk:80
[ERROR][20:28:41] [Tracker][c0nsume.me]: Error: getaddrinfo ENOTFOUND c0nsume.me c0nsume.me:80
[ERROR][20:28:41] [Tracker][ogar-tracker.tk]: Error: getaddrinfo ENOTFOUND ogar-tracker.tk ogar-tracker.tk:80
[ERROR][20:28:41] [Tracker][c0nsume.me]: Error: getaddrinfo ENOTFOUND c0nsume.me c0nsume.me:80
[ERROR][20:28:41] [Tracker][ogar-tracker.tk]: Error: getaddrinfo ENOTFOUND ogar-tracker.tk ogar-tracker.tk:80
[ERROR][20:28:41] [Tracker][c0nsume.me]: Error: getaddrinfo ENOTFOUND c0nsume.me c0nsume.me:80
[ERROR][20:28:53] [Tracker][ogar-tracker.tk]: Error: getaddrinfo ENOTFOUND ogar-tracker.tk ogar-tracker.tk:80
[ERROR][20:28:53] [Tracker][c0nsume.me]: Error: getaddrinfo ENOTFOUND c0nsume.me c0nsume.me:80
[ERROR][20:28:53] [Tracker][ogar-tracker.tk]: Error: getaddrinfo ENOTFOUND ogar-tracker.tk ogar-tracker.tk:80
[ERROR][20:28:53] [Tracker][c0nsume.me]: Error: getaddrinfo ENOTFOUND c0nsume.me c0nsume.me:80
[ERROR][20:28:53] [Tracker][ogar-tracker.tk]: Error: getaddrinfo ENOTFOUND ogar-tracker.tk ogar-tracker.tk:80
[ERROR][20:28:53] [Tracker][c0nsume.me]: Error: getaddrinfo ENOTFOUND c0nsume.me c0nsume.me:80
[ERROR][20:28:53] [Tracker][ogar-tracker.tk]: Error: getaddrinfo ENOTFOUND ogar-tracker.tk ogar-tracker.tk:80
[ERROR][20:28:53] [Tracker][c0nsume.me]: Error: getaddrinfo ENOTFOUND c0nsume.me c0nsume.me:80
[ERROR][20:29:04] [Tracker][c0nsume.me]: Error: getaddrinfo ENOTFOUND c0nsume.me c0nsume.me:80
[ERROR][20:29:04] [Tracker][ogar-tracker.tk]: Error: getaddrinfo ENOTFOUND ogar-tracker.tk ogar-tracker.tk:80
[ERROR][20:29:04] [Tracker][c0nsume.me]: Error: getaddrinfo ENOTFOUND c0nsume.me c0nsume.me:80
[ERROR][20:29:04] [Tracker][ogar-tracker.tk]: Error: getaddrinfo ENOTFOUND ogar-tracker.tk ogar-tracker.tk:80
[ERROR][20:29:04] [Tracker][ogar-tracker.tk]: Error: getaddrinfo ENOTFOUND ogar-tracker.tk ogar-tracker.tk:80
[ERROR][20:29:04] [Tracker][c0nsume.me]: Error: getaddrinfo ENOTFOUND c0nsume.me c0nsume.me:80
[ERROR][20:29:05] [Tracker][ogar-tracker.tk]: Error: getaddrinfo ENOTFOUND ogar-tracker.tk ogar-tracker.tk:80
[ERROR][20:29:05] [Tracker][c0nsume.me]: Error: getaddrinfo ENOTFOUND c0nsume.me c0nsume.me:80
[ERROR][20:29:16] [Tracker][c0nsume.me]: Error: getaddrinfo ENOTFOUND c0nsume.me c0nsume.me:80
[ERROR][20:29:16] [Tracker][ogar-tracker.tk]: Error: getaddrinfo ENOTFOUND ogar-tracker.tk ogar-tracker.tk:80
[ERROR][20:29:16] [Tracker][ogar-tracker.tk]: Error: getaddrinfo ENOTFOUND ogar-tracker.tk ogar-tracker.tk:80
[ERROR][20:29:16] [Tracker][c0nsume.me]: Error: getaddrinfo ENOTFOUND c0nsume.me c0nsume.me:80
[ERROR][20:29:16] [Tracker][ogar-tracker.tk]: Error: getaddrinfo ENOTFOUND ogar-tracker.tk ogar-tracker.tk:80
[ERROR][20:29:16] [Tracker][c0nsume.me]: Error: getaddrinfo ENOTFOUND c0nsume.me c0nsume.me:80
[ERROR][20:29:16] [Tracker][ogar-tracker.tk]: Error: getaddrinfo ENOTFOUND ogar-tracker.tk ogar-tracker.tk:80
[ERROR][20:29:16] [Tracker][c0nsume.me]: Error: getaddrinfo ENOTFOUND c0nsume.me c0nsume.me:80
[ERROR][20:29:27] [Tracker][ogar-tracker.tk]: Error: getaddrinfo ENOTFOUND ogar-tracker.tk ogar-tracker.tk:80
[ERROR][20:29:27] [Tracker][ogar-tracker.tk]: Error: getaddrinfo ENOTFOUND ogar-tracker.tk ogar-tracker.tk:80
[ERROR][20:29:27] [Tracker][c0nsume.me]: Error: getaddrinfo ENOTFOUND c0nsume.me c0nsume.me:80
[ERROR][20:29:27] [Tracker][c0nsume.me]: Error: getaddrinfo ENOTFOUND c0nsume.me c0nsume.me:80
[ERROR][20:29:27] [Tracker][ogar-tracker.tk]: Error: getaddrinfo ENOTFOUND ogar-tracker.tk ogar-tracker.tk:80
[ERROR][20:29:27] [Tracker][c0nsume.me]: Error: getaddrinfo ENOTFOUND c0nsume.me c0nsume.me:80
[ERROR][20:29:28] [Tracker][ogar-tracker.tk]: Error: getaddrinfo ENOTFOUND ogar-tracker.tk ogar-tracker.tk:80
[ERROR][20:29:28] [Tracker][c0nsume.me]: Error: getaddrinfo ENOTFOUND c0nsume.me c0nsume.me:80
[ERROR][20:29:39] [Tracker][c0nsume.me]: Error: getaddrinfo ENOTFOUND c0nsume.me c0nsume.me:80
[ERROR][20:29:39] [Tracker][ogar-tracker.tk]: Error: getaddrinfo ENOTFOUND ogar-tracker.tk ogar-tracker.tk:80
[ERROR][20:29:39] [Tracker][ogar-tracker.tk]: Error: getaddrinfo ENOTFOUND ogar-tracker.tk ogar-tracker.tk:80
[ERROR][20:29:39] [Tracker][c0nsume.me]: Error: getaddrinfo ENOTFOUND c0nsume.me c0nsume.me:80
[ERROR][20:29:39] [Tracker][ogar-tracker.tk]: Error: getaddrinfo ENOTFOUND ogar-tracker.tk ogar-tracker.tk:80
[ERROR][20:29:39] [Tracker][c0nsume.me]: Error: getaddrinfo ENOTFOUND c0nsume.me c0nsume.me:80
[ERROR][20:29:39] [Tracker][ogar-tracker.tk]: Error: getaddrinfo ENOTFOUND ogar-tracker.tk ogar-tracker.tk:80
[ERROR][20:29:39] [Tracker][c0nsume.me]: Error: getaddrinfo ENOTFOUND c0nsume.me c0nsume.me:80
[ERROR][20:29:50] [Tracker][c0nsume.me]: Error: getaddrinfo ENOTFOUND c0nsume.me c0nsume.me:80
[ERROR][20:29:50] [Tracker][ogar-tracker.tk]: Error: getaddrinfo ENOTFOUND ogar-tracker.tk ogar-tracker.tk:80
[ERROR][20:29:50] [Tracker][ogar-tracker.tk]: Error: getaddrinfo ENOTFOUND ogar-tracker.tk ogar-tracker.tk:80
[ERROR][20:29:50] [Tracker][c0nsume.me]: Error: getaddrinfo ENOTFOUND c0nsume.me c0nsume.me:80
[ERROR][20:29:51] [Tracker][ogar-tracker.tk]: Error: getaddrinfo ENOTFOUND ogar-tracker.tk ogar-tracker.tk:80
[ERROR][20:29:51] [Tracker][c0nsume.me]: Error: getaddrinfo ENOTFOUND c0nsume.me c0nsume.me:80
[ERROR][20:29:51] [Tracker][ogar-tracker.tk]: Error: getaddrinfo ENOTFOUND ogar-tracker.tk ogar-tracker.tk:80
[ERROR][20:29:51] [Tracker][c0nsume.me]: Error: getaddrinfo ENOTFOUND c0nsume.me c0nsume.me:80
[ERROR][20:30:02] [Tracker][c0nsume.me]: Error: getaddrinfo ENOTFOUND c0nsume.me c0nsume.me:80
[ERROR][20:30:02] [Tracker][ogar-tracker.tk]: Error: getaddrinfo ENOTFOUND ogar-tracker.tk ogar-tracker.tk:80
[ERROR][20:30:02] [Tracker][ogar-tracker.tk]: Error: getaddrinfo ENOTFOUND ogar-tracker.tk ogar-tracker.tk:80
[ERROR][20:30:02] [Tracker][c0nsume.me]: Error: getaddrinfo ENOTFOUND c0nsume.me c0nsume.me:80
[ERROR][20:30:02] [Tracker][ogar-tracker.tk]: Error: getaddrinfo ENOTFOUND ogar-tracker.tk ogar-tracker.tk:80
[ERROR][20:30:02] [Tracker][c0nsume.me]: Error: getaddrinfo ENOTFOUND c0nsume.me c0nsume.me:80
[ERROR][20:30:02] [Tracker][ogar-tracker.tk]: Error: getaddrinfo ENOTFOUND ogar-tracker.tk ogar-tracker.tk:80
[ERROR][20:30:02] [Tracker][c0nsume.me]: Error: getaddrinfo ENOTFOUND c0nsume.me c0nsume.me:80
[ERROR][20:30:13] [Tracker][ogar-tracker.tk]: Error: getaddrinfo ENOTFOUND ogar-tracker.tk ogar-tracker.tk:80
[ERROR][20:30:13] [Tracker][c0nsume.me]: Error: getaddrinfo ENOTFOUND c0nsume.me c0nsume.me:80
[ERROR][20:30:13] [Tracker][ogar-tracker.tk]: Error: getaddrinfo ENOTFOUND ogar-tracker.tk ogar-tracker.tk:80
[ERROR][20:30:13] [Tracker][c0nsume.me]: Error: getaddrinfo ENOTFOUND c0nsume.me c0nsume.me:80
[ERROR][20:30:14] [Tracker][ogar-tracker.tk]: Error: getaddrinfo ENOTFOUND ogar-tracker.tk ogar-tracker.tk:80
[ERROR][20:30:14] [Tracker][c0nsume.me]: Error: getaddrinfo ENOTFOUND c0nsume.me c0nsume.me:80
[ERROR][20:30:14] [Tracker][ogar-tracker.tk]: Error: getaddrinfo ENOTFOUND ogar-tracker.tk ogar-tracker.tk:80
[ERROR][20:30:14] [Tracker][c0nsume.me]: Error: getaddrinfo ENOTFOUND c0nsume.me c0nsume.me:80
[ERROR][20:30:25] [Tracker][c0nsume.me]: Error: getaddrinfo ENOTFOUND c0nsume.me c0nsume.me:80
[ERROR][20:30:25] [Tracker][ogar-tracker.tk]: Error: getaddrinfo ENOTFOUND ogar-tracker.tk ogar-tracker.tk:80
[ERROR][20:30:25] [Tracker][ogar-tracker.tk]: Error: getaddrinfo ENOTFOUND ogar-tracker.tk ogar-tracker.tk:80
[ERROR][20:30:25] [Tracker][c0nsume.me]: Error: getaddrinfo ENOTFOUND c0nsume.me c0nsume.me:80
[ERROR][20:30:25] [Tracker][ogar-tracker.tk]: Error: getaddrinfo ENOTFOUND ogar-tracker.tk ogar-tracker.tk:80
[ERROR][20:30:25] [Tracker][c0nsume.me]: Error: getaddrinfo ENOTFOUND c0nsume.me c0nsume.me:80
[ERROR][20:30:25] [Tracker][ogar-tracker.tk]: Error: getaddrinfo ENOTFOUND ogar-tracker.tk ogar-tracker.tk:80
[ERROR][20:30:25] [Tracker][c0nsume.me]: Error: getaddrinfo ENOTFOUND c0nsume.me c0nsume.me:80
[ERROR][20:30:37] [Tracker][ogar-tracker.tk]: Error: getaddrinfo ENOTFOUND ogar-tracker.tk ogar-tracker.tk:80
[ERROR][20:30:37] [Tracker][ogar-tracker.tk]: Error: getaddrinfo ENOTFOUND ogar-tracker.tk ogar-tracker.tk:80
[ERROR][20:30:37] [Tracker][c0nsume.me]: Error: getaddrinfo ENOTFOUND c0nsume.me c0nsume.me:80
[ERROR][20:30:37] [Tracker][c0nsume.me]: Error: getaddrinfo ENOTFOUND c0nsume.me c0nsume.me:80
[ERROR][20:30:37] [Tracker][ogar-tracker.tk]: Error: getaddrinfo ENOTFOUND ogar-tracker.tk ogar-tracker.tk:80
[ERROR][20:30:37] [Tracker][c0nsume.me]: Error: getaddrinfo ENOTFOUND c0nsume.me c0nsume.me:80
[ERROR][20:30:37] [Tracker][ogar-tracker.tk]: Error: getaddrinfo ENOTFOUND ogar-tracker.tk ogar-tracker.tk:80
[ERROR][20:30:37] [Tracker][c0nsume.me]: Error: getaddrinfo ENOTFOUND c0nsume.me c0nsume.me:80
[ERROR][20:30:48] [Tracker][ogar-tracker.tk]: Error: getaddrinfo ENOTFOUND ogar-tracker.tk ogar-tracker.tk:80
[ERROR][20:30:48] [Tracker][ogar-tracker.tk]: Error: getaddrinfo ENOTFOUND ogar-tracker.tk ogar-tracker.tk:80
[ERROR][20:30:48] [Tracker][c0nsume.me]: Error: getaddrinfo ENOTFOUND c0nsume.me c0nsume.me:80
[ERROR][20:30:48] [Tracker][c0nsume.me]: Error: getaddrinfo ENOTFOUND c0nsume.me c0nsume.me:80
[ERROR][20:30:48] [Tracker][ogar-tracker.tk]: Error: getaddrinfo ENOTFOUND ogar-tracker.tk ogar-tracker.tk:80
[ERROR][20:30:48] [Tracker][c0nsume.me]: Error: getaddrinfo ENOTFOUND c0nsume.me c0nsume.me:80
[ERROR][20:30:48] [Tracker][ogar-tracker.tk]: Error: getaddrinfo ENOTFOUND ogar-tracker.tk ogar-tracker.tk:80
[ERROR][20:30:48] [Tracker][c0nsume.me]: Error: getaddrinfo ENOTFOUND c0nsume.me c0nsume.me:80
[ERROR][20:31:00] [Tracker][ogar-tracker.tk]: Error: getaddrinfo ENOTFOUND ogar-tracker.tk ogar-tracker.tk:80
[ERROR][20:31:00] [Tracker][c0nsume.me]: Error: getaddrinfo ENOTFOUND c0nsume.me c0nsume.me:80
[ERROR][20:31:00] [Tracker][ogar-tracker.tk]: Error: getaddrinfo ENOTFOUND ogar-tracker.tk ogar-tracker.tk:80
[ERROR][20:31:00] [Tracker][c0nsume.me]: Error: getaddrinfo ENOTFOUND c0nsume.me c0nsume.me:80
[ERROR][20:31:00] [Tracker][ogar-tracker.tk]: Error: getaddrinfo ENOTFOUND ogar-tracker.tk ogar-tracker.tk:80
[ERROR][20:31:00] [Tracker][c0nsume.me]: Error: getaddrinfo ENOTFOUND c0nsume.me c0nsume.me:80
[ERROR][20:31:00] [Tracker][ogar-tracker.tk]: Error: getaddrinfo ENOTFOUND ogar-tracker.tk ogar-tracker.tk:80
[ERROR][20:31:00] [Tracker][c0nsume.me]: Error: getaddrinfo ENOTFOUND c0nsume.me c0nsume.me:80
[ERROR][20:31:11] [Tracker][ogar-tracker.tk]: Error: getaddrinfo ENOTFOUND ogar-tracker.tk ogar-tracker.tk:80
[ERROR][20:31:11] [Tracker][c0nsume.me]: Error: getaddrinfo ENOTFOUND c0nsume.me c0nsume.me:80
[ERROR][20:31:11] [Tracker][ogar-tracker.tk]: Error: getaddrinfo ENOTFOUND ogar-tracker.tk ogar-tracker.tk:80
[ERROR][20:31:11] [Tracker][c0nsume.me]: Error: getaddrinfo ENOTFOUND c0nsume.me c0nsume.me:80
[ERROR][20:31:11] [Tracker][ogar-tracker.tk]: Error: getaddrinfo ENOTFOUND ogar-tracker.tk ogar-tracker.tk:80
[ERROR][20:31:11] [Tracker][c0nsume.me]: Error: getaddrinfo ENOTFOUND c0nsume.me c0nsume.me:80
[ERROR][20:31:11] [Tracker][ogar-tracker.tk]: Error: getaddrinfo ENOTFOUND ogar-tracker.tk ogar-tracker.tk:80
[ERROR][20:31:11] [Tracker][c0nsume.me]: Error: getaddrinfo ENOTFOUND c0nsume.me c0nsume.me:80
[ERROR][20:31:23] [Tracker][ogar-tracker.tk]: Error: getaddrinfo ENOTFOUND ogar-tracker.tk ogar-tracker.tk:80
[ERROR][20:31:23] [Tracker][ogar-tracker.tk]: Error: getaddrinfo ENOTFOUND ogar-tracker.tk ogar-tracker.tk:80
[ERROR][20:31:23] [Tracker][c0nsume.me]: Error: getaddrinfo ENOTFOUND c0nsume.me c0nsume.me:80
[ERROR][20:31:23] [Tracker][c0nsume.me]: Error: getaddrinfo ENOTFOUND c0nsume.me c0nsume.me:80
[ERROR][20:31:23] [Tracker][ogar-tracker.tk]: Error: getaddrinfo ENOTFOUND ogar-tracker.tk ogar-tracker.tk:80
[ERROR][20:31:23] [Tracker][c0nsume.me]: Error: getaddrinfo ENOTFOUND c0nsume.me c0nsume.me:80
[ERROR][20:31:23] [Tracker][ogar-tracker.tk]: Error: getaddrinfo ENOTFOUND ogar-tracker.tk ogar-tracker.tk:80
[ERROR][20:31:23] [Tracker][c0nsume.me]: Error: getaddrinfo ENOTFOUND c0nsume.me c0nsume.me:80
[ERROR][20:31:34] [Tracker][c0nsume.me]: Error: getaddrinfo ENOTFOUND c0nsume.me c0nsume.me:80
[ERROR][20:31:34] [Tracker][ogar-tracker.tk]: Error: getaddrinfo ENOTFOUND ogar-tracker.tk ogar-tracker.tk:80
[ERROR][20:31:34] [Tracker][ogar-tracker.tk]: Error: getaddrinfo ENOTFOUND ogar-tracker.tk ogar-tracker.tk:80
[ERROR][20:31:34] [Tracker][c0nsume.me]: Error: getaddrinfo ENOTFOUND c0nsume.me c0nsume.me:80
[ERROR][20:31:34] [Tracker][ogar-tracker.tk]: Error: getaddrinfo ENOTFOUND ogar-tracker.tk ogar-tracker.tk:80
[ERROR][20:31:34] [Tracker][c0nsume.me]: Error: getaddrinfo ENOTFOUND c0nsume.me c0nsume.me:80
[ERROR][20:31:34] [Tracker][ogar-tracker.tk]: Error: getaddrinfo ENOTFOUND ogar-tracker.tk ogar-tracker.tk:80
[ERROR][20:31:34] [Tracker][c0nsume.me]: Error: getaddrinfo ENOTFOUND c0nsume.me c0nsume.me:80
[ERROR][20:31:46] [Tracker][ogar-tracker.tk]: Error: getaddrinfo ENOTFOUND ogar-tracker.tk ogar-tracker.tk:80
[ERROR][20:31:46] [Tracker][ogar-tracker.tk]: Error: getaddrinfo ENOTFOUND ogar-tracker.tk ogar-tracker.tk:80
[ERROR][20:31:46] [Tracker][c0nsume.me]: Error: getaddrinfo ENOTFOUND c0nsume.me c0nsume.me:80
[ERROR][20:31:46] [Tracker][c0nsume.me]: Error: getaddrinfo ENOTFOUND c0nsume.me c0nsume.me:80
[ERROR][20:31:46] [Tracker][ogar-tracker.tk]: Error: getaddrinfo ENOTFOUND ogar-tracker.tk ogar-tracker.tk:80
[ERROR][20:31:46] [Tracker][c0nsume.me]: Error: getaddrinfo ENOTFOUND c0nsume.me c0nsume.me:80
[ERROR][20:31:46] [Tracker][ogar-tracker.tk]: Error: getaddrinfo ENOTFOUND ogar-tracker.tk ogar-tracker.tk:80
[ERROR][20:31:46] [Tracker][c0nsume.me]: Error: getaddrinfo ENOTFOUND c0nsume.me c0nsume.me:80
[ERROR][20:31:57] [Tracker][ogar-tracker.tk]: Error: getaddrinfo ENOTFOUND ogar-tracker.tk ogar-tracker.tk:80
[ERROR][20:31:57] [Tracker][ogar-tracker.tk]: Error: getaddrinfo ENOTFOUND ogar-tracker.tk ogar-tracker.tk:80
[ERROR][20:31:57] [Tracker][c0nsume.me]: Error: getaddrinfo ENOTFOUND c0nsume.me c0nsume.me:80
[ERROR][20:31:57] [Tracker][c0nsume.me]: Error: getaddrinfo ENOTFOUND c0nsume.me c0nsume.me:80
[ERROR][20:31:57] [Tracker][ogar-tracker.tk]: Error: getaddrinfo ENOTFOUND ogar-tracker.tk ogar-tracker.tk:80
[ERROR][20:31:57] [Tracker][c0nsume.me]: Error: getaddrinfo ENOTFOUND c0nsume.me c0nsume.me:80
[ERROR][20:31:57] [Tracker][ogar-tracker.tk]: Error: getaddrinfo ENOTFOUND ogar-tracker.tk ogar-tracker.tk:80
[ERROR][20:31:57] [Tracker][c0nsume.me]: Error: getaddrinfo ENOTFOUND c0nsume.me c0nsume.me:80
[ERROR][20:32:09] [Tracker][ogar-tracker.tk]: Error: getaddrinfo ENOTFOUND ogar-tracker.tk ogar-tracker.tk:80
[ERROR][20:32:09] [Tracker][ogar-tracker.tk]: Error: getaddrinfo ENOTFOUND ogar-tracker.tk ogar-tracker.tk:80
[ERROR][20:32:09] [Tracker][c0nsume.me]: Error: getaddrinfo ENOTFOUND c0nsume.me c0nsume.me:80
[ERROR][20:32:09] [Tracker][c0nsume.me]: Error: getaddrinfo ENOTFOUND c0nsume.me c0nsume.me:80
[ERROR][20:32:09] [Tracker][ogar-tracker.tk]: Error: getaddrinfo ENOTFOUND ogar-tracker.tk ogar-tracker.tk:80
[ERROR][20:32:09] [Tracker][c0nsume.me]: Error: getaddrinfo ENOTFOUND c0nsume.me c0nsume.me:80
[ERROR][20:32:09] [Tracker][ogar-tracker.tk]: Error: getaddrinfo ENOTFOUND ogar-tracker.tk ogar-tracker.tk:80
[ERROR][20:32:09] [Tracker][c0nsume.me]: Error: getaddrinfo ENOTFOUND c0nsume.me c0nsume.me:80
[ERROR][20:32:20] [Tracker][ogar-tracker.tk]: Error: getaddrinfo ENOTFOUND ogar-tracker.tk ogar-tracker.tk:80
[ERROR][20:32:20] [Tracker][ogar-tracker.tk]: Error: getaddrinfo ENOTFOUND ogar-tracker.tk ogar-tracker.tk:80
[ERROR][20:32:20] [Tracker][c0nsume.me]: Error: getaddrinfo ENOTFOUND c0nsume.me c0nsume.me:80
[ERROR][20:32:20] [Tracker][c0nsume.me]: Error: getaddrinfo ENOTFOUND c0nsume.me c0nsume.me:80
[ERROR][20:32:20] [Tracker][ogar-tracker.tk]: Error: getaddrinfo ENOTFOUND ogar-tracker.tk ogar-tracker.tk:80
[ERROR][20:32:20] [Tracker][c0nsume.me]: Error: getaddrinfo ENOTFOUND c0nsume.me c0nsume.me:80
[ERROR][20:32:20] [Tracker][ogar-tracker.tk]: Error: getaddrinfo ENOTFOUND ogar-tracker.tk ogar-tracker.tk:80
[ERROR][20:32:20] [Tracker][c0nsume.me]: Error: getaddrinfo ENOTFOUND c0nsume.me c0nsume.me:80
[ERROR][20:32:32] [Tracker][c0nsume.me]: Error: getaddrinfo ENOTFOUND c0nsume.me c0nsume.me:80
[ERROR][20:32:32] [Tracker][ogar-tracker.tk]: Error: getaddrinfo ENOTFOUND ogar-tracker.tk ogar-tracker.tk:80
[ERROR][20:32:32] [Tracker][ogar-tracker.tk]: Error: getaddrinfo ENOTFOUND ogar-tracker.tk ogar-tracker.tk:80
[ERROR][20:32:32] [Tracker][c0nsume.me]: Error: getaddrinfo ENOTFOUND c0nsume.me c0nsume.me:80
[ERROR][20:32:32] [Tracker][ogar-tracker.tk]: Error: getaddrinfo ENOTFOUND ogar-tracker.tk ogar-tracker.tk:80
[ERROR][20:32:32] [Tracker][c0nsume.me]: Error: getaddrinfo ENOTFOUND c0nsume.me c0nsume.me:80
[ERROR][20:32:32] [Tracker][ogar-tracker.tk]: Error: getaddrinfo ENOTFOUND ogar-tracker.tk ogar-tracker.tk:80
[ERROR][20:32:32] [Tracker][c0nsume.me]: Error: getaddrinfo ENOTFOUND c0nsume.me c0nsume.me:80
[ERROR][20:32:43] [Tracker][ogar-tracker.tk]: Error: getaddrinfo ENOTFOUND ogar-tracker.tk ogar-tracker.tk:80
[ERROR][20:32:43] [Tracker][ogar-tracker.tk]: Error: getaddrinfo ENOTFOUND ogar-tracker.tk ogar-tracker.tk:80
[ERROR][20:32:43] [Tracker][c0nsume.me]: Error: getaddrinfo ENOTFOUND c0nsume.me c0nsume.me:80
[ERROR][20:32:43] [Tracker][c0nsume.me]: Error: getaddrinfo ENOTFOUND c0nsume.me c0nsume.me:80
[ERROR][20:32:43] [Tracker][ogar-tracker.tk]: Error: getaddrinfo ENOTFOUND ogar-tracker.tk ogar-tracker.tk:80
[ERROR][20:32:43] [Tracker][c0nsume.me]: Error: getaddrinfo ENOTFOUND c0nsume.me c0nsume.me:80
[ERROR][20:32:43] [Tracker][ogar-tracker.tk]: Error: getaddrinfo ENOTFOUND ogar-tracker.tk ogar-tracker.tk:80
[ERROR][20:32:43] [Tracker][c0nsume.me]: Error: getaddrinfo ENOTFOUND c0nsume.me c0nsume.me:80
[ERROR][20:32:55] [Tracker][ogar-tracker.tk]: Error: getaddrinfo ENOTFOUND ogar-tracker.tk ogar-tracker.tk:80
[ERROR][20:32:55] [Tracker][ogar-tracker.tk]: Error: getaddrinfo ENOTFOUND ogar-tracker.tk ogar-tracker.tk:80
[ERROR][20:32:55] [Tracker][c0nsume.me]: Error: getaddrinfo ENOTFOUND c0nsume.me c0nsume.me:80
[ERROR][20:32:55] [Tracker][c0nsume.me]: Error: getaddrinfo ENOTFOUND c0nsume.me c0nsume.me:80
[ERROR][20:32:55] [Tracker][ogar-tracker.tk]: Error: getaddrinfo ENOTFOUND ogar-tracker.tk ogar-tracker.tk:80
[ERROR][20:32:55] [Tracker][c0nsume.me]: Error: getaddrinfo ENOTFOUND c0nsume.me c0nsume.me:80
[ERROR][20:32:55] [Tracker][ogar-tracker.tk]: Error: getaddrinfo ENOTFOUND ogar-tracker.tk ogar-tracker.tk:80
[ERROR][20:32:55] [Tracker][c0nsume.me]: Error: getaddrinfo ENOTFOUND c0nsume.me c0nsume.me:80
[ERROR][20:33:06] [Tracker][c0nsume.me]: Error: getaddrinfo ENOTFOUND c0nsume.me c0nsume.me:80
[ERROR][20:33:06] [Tracker][ogar-tracker.tk]: Error: getaddrinfo ENOTFOUND ogar-tracker.tk ogar-tracker.tk:80
[ERROR][20:33:06] [Tracker][ogar-tracker.tk]: Error: getaddrinfo ENOTFOUND ogar-tracker.tk ogar-tracker.tk:80
[ERROR][20:33:06] [Tracker][c0nsume.me]: Error: getaddrinfo ENOTFOUND c0nsume.me c0nsume.me:80
[ERROR][20:33:06] [Tracker][ogar-tracker.tk]: Error: getaddrinfo ENOTFOUND ogar-tracker.tk ogar-tracker.tk:80
[ERROR][20:33:06] [Tracker][c0nsume.me]: Error: getaddrinfo ENOTFOUND c0nsume.me c0nsume.me:80
[ERROR][20:33:06] [Tracker][ogar-tracker.tk]: Error: getaddrinfo ENOTFOUND ogar-tracker.tk ogar-tracker.tk:80
[ERROR][20:33:06] [Tracker][c0nsume.me]: Error: getaddrinfo ENOTFOUND c0nsume.me c0nsume.me:80
[ERROR][20:33:18] [Tracker][c0nsume.me]: Error: getaddrinfo ENOTFOUND c0nsume.me c0nsume.me:80
[ERROR][20:33:18] [Tracker][ogar-tracker.tk]: Error: getaddrinfo ENOTFOUND ogar-tracker.tk ogar-tracker.tk:80
[ERROR][20:33:18] [Tracker][ogar-tracker.tk]: Error: getaddrinfo ENOTFOUND ogar-tracker.tk ogar-tracker.tk:80
[ERROR][20:33:18] [Tracker][c0nsume.me]: Error: getaddrinfo ENOTFOUND c0nsume.me c0nsume.me:80
[ERROR][20:33:18] [Tracker][ogar-tracker.tk]: Error: getaddrinfo ENOTFOUND ogar-tracker.tk ogar-tracker.tk:80
[ERROR][20:33:18] [Tracker][c0nsume.me]: Error: getaddrinfo ENOTFOUND c0nsume.me c0nsume.me:80
[ERROR][20:33:18] [Tracker][ogar-tracker.tk]: Error: getaddrinfo ENOTFOUND ogar-tracker.tk ogar-tracker.tk:80
[ERROR][20:33:18] [Tracker][c0nsume.me]: Error: getaddrinfo ENOTFOUND c0nsume.me c0nsume.me:80
[ERROR][20:33:29] [Tracker][c0nsume.me]: Error: getaddrinfo ENOTFOUND c0nsume.me c0nsume.me:80
[ERROR][20:33:29] [Tracker][ogar-tracker.tk]: Error: getaddrinfo ENOTFOUND ogar-tracker.tk ogar-tracker.tk:80
[ERROR][20:33:29] [Tracker][ogar-tracker.tk]: Error: getaddrinfo ENOTFOUND ogar-tracker.tk ogar-tracker.tk:80
[ERROR][20:33:29] [Tracker][c0nsume.me]: Error: getaddrinfo ENOTFOUND c0nsume.me c0nsume.me:80
[ERROR][20:33:29] [Tracker][ogar-tracker.tk]: Error: getaddrinfo ENOTFOUND ogar-tracker.tk ogar-tracker.tk:80
[ERROR][20:33:29] [Tracker][c0nsume.me]: Error: getaddrinfo ENOTFOUND c0nsume.me c0nsume.me:80
[ERROR][20:33:29] [Tracker][ogar-tracker.tk]: Error: getaddrinfo ENOTFOUND ogar-tracker.tk ogar-tracker.tk:80
[ERROR][20:33:29] [Tracker][c0nsume.me]: Error: getaddrinfo ENOTFOUND c0nsume.me c0nsume.me:80
[ERROR][20:33:41] [Tracker][c0nsume.me]: Error: getaddrinfo ENOTFOUND c0nsume.me c0nsume.me:80
[ERROR][20:33:41] [Tracker][ogar-tracker.tk]: Error: getaddrinfo ENOTFOUND ogar-tracker.tk ogar-tracker.tk:80
[ERROR][20:33:41] [Tracker][ogar-tracker.tk]: Error: getaddrinfo ENOTFOUND ogar-tracker.tk ogar-tracker.tk:80
[ERROR][20:33:41] [Tracker][c0nsume.me]: Error: getaddrinfo ENOTFOUND c0nsume.me c0nsume.me:80
[ERROR][20:33:41] [Tracker][ogar-tracker.tk]: Error: getaddrinfo ENOTFOUND ogar-tracker.tk ogar-tracker.tk:80
[ERROR][20:33:41] [Tracker][c0nsume.me]: Error: getaddrinfo ENOTFOUND c0nsume.me c0nsume.me:80
[ERROR][20:33:41] [Tracker][ogar-tracker.tk]: Error: getaddrinfo ENOTFOUND ogar-tracker.tk ogar-tracker.tk:80
[ERROR][20:33:41] [Tracker][c0nsume.me]: Error: getaddrinfo ENOTFOUND c0nsume.me c0nsume.me:80
[ERROR][20:33:52] [Tracker][c0nsume.me]: Error: getaddrinfo ENOTFOUND c0nsume.me c0nsume.me:80
[ERROR][20:33:52] [Tracker][ogar-tracker.tk]: Error: getaddrinfo ENOTFOUND ogar-tracker.tk ogar-tracker.tk:80
[ERROR][20:33:52] [Tracker][ogar-tracker.tk]: Error: getaddrinfo ENOTFOUND ogar-tracker.tk ogar-tracker.tk:80
[ERROR][20:33:52] [Tracker][c0nsume.me]: Error: getaddrinfo ENOTFOUND c0nsume.me c0nsume.me:80
[ERROR][20:33:52] [Tracker][ogar-tracker.tk]: Error: getaddrinfo ENOTFOUND ogar-tracker.tk ogar-tracker.tk:80
[ERROR][20:33:52] [Tracker][c0nsume.me]: Error: getaddrinfo ENOTFOUND c0nsume.me c0nsume.me:80
[ERROR][20:33:53] [Tracker][ogar-tracker.tk]: Error: getaddrinfo ENOTFOUND ogar-tracker.tk ogar-tracker.tk:80
[ERROR][20:33:53] [Tracker][c0nsume.me]: Error: getaddrinfo ENOTFOUND c0nsume.me c0nsume.me:80
[ERROR][20:34:04] [Tracker][c0nsume.me]: Error: getaddrinfo ENOTFOUND c0nsume.me c0nsume.me:80
[ERROR][20:34:04] [Tracker][ogar-tracker.tk]: Error: getaddrinfo ENOTFOUND ogar-tracker.tk ogar-tracker.tk:80
[ERROR][20:34:04] [Tracker][ogar-tracker.tk]: Error: getaddrinfo ENOTFOUND ogar-tracker.tk ogar-tracker.tk:80
[ERROR][20:34:04] [Tracker][c0nsume.me]: Error: getaddrinfo ENOTFOUND c0nsume.me c0nsume.me:80
[ERROR][20:34:04] [Tracker][ogar-tracker.tk]: Error: getaddrinfo ENOTFOUND ogar-tracker.tk ogar-tracker.tk:80
[ERROR][20:34:04] [Tracker][c0nsume.me]: Error: getaddrinfo ENOTFOUND c0nsume.me c0nsume.me:80
[ERROR][20:34:04] [Tracker][ogar-tracker.tk]: Error: getaddrinfo ENOTFOUND ogar-tracker.tk ogar-tracker.tk:80
[ERROR][20:34:04] [Tracker][c0nsume.me]: Error: getaddrinfo ENOTFOUND c0nsume.me c0nsume.me:80
[ERROR][20:34:15] [Tracker][ogar-tracker.tk]: Error: getaddrinfo ENOTFOUND ogar-tracker.tk ogar-tracker.tk:80
[ERROR][20:34:15] [Tracker][c0nsume.me]: Error: getaddrinfo ENOTFOUND c0nsume.me c0nsume.me:80
[ERROR][20:34:15] [Tracker][ogar-tracker.tk]: Error: getaddrinfo ENOTFOUND ogar-tracker.tk ogar-tracker.tk:80
[ERROR][20:34:15] [Tracker][c0nsume.me]: Error: getaddrinfo ENOTFOUND c0nsume.me c0nsume.me:80
[ERROR][20:34:15] [Tracker][ogar-tracker.tk]: Error: getaddrinfo ENOTFOUND ogar-tracker.tk ogar-tracker.tk:80
[ERROR][20:34:15] [Tracker][c0nsume.me]: Error: getaddrinfo ENOTFOUND c0nsume.me c0nsume.me:80
[ERROR][20:34:16] [Tracker][ogar-tracker.tk]: Error: getaddrinfo ENOTFOUND ogar-tracker.tk ogar-tracker.tk:80
[ERROR][20:34:16] [Tracker][c0nsume.me]: Error: getaddrinfo ENOTFOUND c0nsume.me c0nsume.me:80
[ERROR][20:34:27] [Tracker][ogar-tracker.tk]: Error: getaddrinfo ENOTFOUND ogar-tracker.tk ogar-tracker.tk:80
[ERROR][20:34:27] [Tracker][ogar-tracker.tk]: Error: getaddrinfo ENOTFOUND ogar-tracker.tk ogar-tracker.tk:80
[ERROR][20:34:27] [Tracker][c0nsume.me]: Error: getaddrinfo ENOTFOUND c0nsume.me c0nsume.me:80
[ERROR][20:34:27] [Tracker][c0nsume.me]: Error: getaddrinfo ENOTFOUND c0nsume.me c0nsume.me:80
[ERROR][20:34:27] [Tracker][ogar-tracker.tk]: Error: getaddrinfo ENOTFOUND ogar-tracker.tk ogar-tracker.tk:80
[ERROR][20:34:27] [Tracker][c0nsume.me]: Error: getaddrinfo ENOTFOUND c0nsume.me c0nsume.me:80
[ERROR][20:34:27] [Tracker][ogar-tracker.tk]: Error: getaddrinfo ENOTFOUND ogar-tracker.tk ogar-tracker.tk:80
[ERROR][20:34:27] [Tracker][c0nsume.me]: Error: getaddrinfo ENOTFOUND c0nsume.me c0nsume.me:80
[ERROR][20:34:38] [Tracker][c0nsume.me]: Error: getaddrinfo ENOTFOUND c0nsume.me c0nsume.me:80
[ERROR][20:34:38] [Tracker][ogar-tracker.tk]: Error: getaddrinfo ENOTFOUND ogar-tracker.tk ogar-tracker.tk:80
[ERROR][20:34:38] [Tracker][ogar-tracker.tk]: Error: getaddrinfo ENOTFOUND ogar-tracker.tk ogar-tracker.tk:80
[ERROR][20:34:38] [Tracker][c0nsume.me]: Error: getaddrinfo ENOTFOUND c0nsume.me c0nsume.me:80
[ERROR][20:34:39] [Tracker][ogar-tracker.tk]: Error: getaddrinfo ENOTFOUND ogar-tracker.tk ogar-tracker.tk:80
[ERROR][20:34:39] [Tracker][c0nsume.me]: Error: getaddrinfo ENOTFOUND c0nsume.me c0nsume.me:80
[ERROR][20:34:39] [Tracker][ogar-tracker.tk]: Error: getaddrinfo ENOTFOUND ogar-tracker.tk ogar-tracker.tk:80
[ERROR][20:34:39] [Tracker][c0nsume.me]: Error: getaddrinfo ENOTFOUND c0nsume.me c0nsume.me:80
[ERROR][20:34:50] [Tracker][ogar-tracker.tk]: Error: getaddrinfo ENOTFOUND ogar-tracker.tk ogar-tracker.tk:80
[ERROR][20:34:50] [Tracker][ogar-tracker.tk]: Error: getaddrinfo ENOTFOUND ogar-tracker.tk ogar-tracker.tk:80
[ERROR][20:34:50] [Tracker][c0nsume.me]: Error: getaddrinfo ENOTFOUND c0nsume.me c0nsume.me:80
[ERROR][20:34:50] [Tracker][c0nsume.me]: Error: getaddrinfo ENOTFOUND c0nsume.me c0nsume.me:80
[ERROR][20:34:50] [Tracker][ogar-tracker.tk]: Error: getaddrinfo ENOTFOUND ogar-tracker.tk ogar-tracker.tk:80
[ERROR][20:34:50] [Tracker][c0nsume.me]: Error: getaddrinfo ENOTFOUND c0nsume.me c0nsume.me:80
[ERROR][20:34:50] [Tracker][ogar-tracker.tk]: Error: getaddrinfo ENOTFOUND ogar-tracker.tk ogar-tracker.tk:80
[ERROR][20:34:50] [Tracker][c0nsume.me]: Error: getaddrinfo ENOTFOUND c0nsume.me c0nsume.me:80
[ERROR][20:35:01] [Tracker][c0nsume.me]: Error: getaddrinfo ENOTFOUND c0nsume.me c0nsume.me:80
[ERROR][20:35:01] [Tracker][ogar-tracker.tk]: Error: getaddrinfo ENOTFOUND ogar-tracker.tk ogar-tracker.tk:80
[ERROR][20:35:01] [Tracker][ogar-tracker.tk]: Error: getaddrinfo ENOTFOUND ogar-tracker.tk ogar-tracker.tk:80
[ERROR][20:35:01] [Tracker][c0nsume.me]: Error: getaddrinfo ENOTFOUND c0nsume.me c0nsume.me:80
[ERROR][20:35:02] [Tracker][ogar-tracker.tk]: Error: getaddrinfo ENOTFOUND ogar-tracker.tk ogar-tracker.tk:80
[ERROR][20:35:02] [Tracker][c0nsume.me]: Error: getaddrinfo ENOTFOUND c0nsume.me c0nsume.me:80
[ERROR][20:35:02] [Tracker][ogar-tracker.tk]: Error: getaddrinfo ENOTFOUND ogar-tracker.tk ogar-tracker.tk:80
[ERROR][20:35:02] [Tracker][c0nsume.me]: Error: getaddrinfo ENOTFOUND c0nsume.me c0nsume.me:80
[ERROR][20:35:13] [Tracker][ogar-tracker.tk]: Error: getaddrinfo ENOTFOUND ogar-tracker.tk ogar-tracker.tk:80
[ERROR][20:35:13] [Tracker][ogar-tracker.tk]: Error: getaddrinfo ENOTFOUND ogar-tracker.tk ogar-tracker.tk:80
[ERROR][20:35:13] [Tracker][c0nsume.me]: Error: getaddrinfo ENOTFOUND c0nsume.me c0nsume.me:80
[ERROR][20:35:13] [Tracker][c0nsume.me]: Error: getaddrinfo ENOTFOUND c0nsume.me c0nsume.me:80
[ERROR][20:35:13] [Tracker][ogar-tracker.tk]: Error: getaddrinfo ENOTFOUND ogar-tracker.tk ogar-tracker.tk:80
[ERROR][20:35:13] [Tracker][c0nsume.me]: Error: getaddrinfo ENOTFOUND c0nsume.me c0nsume.me:80
[ERROR][20:35:13] [Tracker][ogar-tracker.tk]: Error: getaddrinfo ENOTFOUND ogar-tracker.tk ogar-tracker.tk:80
[ERROR][20:35:13] [Tracker][c0nsume.me]: Error: getaddrinfo ENOTFOUND c0nsume.me c0nsume.me:80
[ERROR][20:35:25] [Tracker][ogar-tracker.tk]: Error: getaddrinfo ENOTFOUND ogar-tracker.tk ogar-tracker.tk:80
[ERROR][20:35:25] [Tracker][ogar-tracker.tk]: Error: getaddrinfo ENOTFOUND ogar-tracker.tk ogar-tracker.tk:80
[ERROR][20:35:25] [Tracker][c0nsume.me]: Error: getaddrinfo ENOTFOUND c0nsume.me c0nsume.me:80
[ERROR][20:35:25] [Tracker][c0nsume.me]: Error: getaddrinfo ENOTFOUND c0nsume.me c0nsume.me:80
[ERROR][20:35:25] [Tracker][ogar-tracker.tk]: Error: getaddrinfo ENOTFOUND ogar-tracker.tk ogar-tracker.tk:80
[ERROR][20:35:25] [Tracker][c0nsume.me]: Error: getaddrinfo ENOTFOUND c0nsume.me c0nsume.me:80
[ERROR][20:35:25] [Tracker][ogar-tracker.tk]: Error: getaddrinfo ENOTFOUND ogar-tracker.tk ogar-tracker.tk:80
[ERROR][20:35:25] [Tracker][c0nsume.me]: Error: getaddrinfo ENOTFOUND c0nsume.me c0nsume.me:80
[ERROR][20:35:36] [Tracker][c0nsume.me]: Error: getaddrinfo ENOTFOUND c0nsume.me c0nsume.me:80
[ERROR][20:35:36] [Tracker][ogar-tracker.tk]: Error: getaddrinfo ENOTFOUND ogar-tracker.tk ogar-tracker.tk:80
[ERROR][20:35:36] [Tracker][ogar-tracker.tk]: Error: getaddrinfo ENOTFOUND ogar-tracker.tk ogar-tracker.tk:80
[ERROR][20:35:36] [Tracker][c0nsume.me]: Error: getaddrinfo ENOTFOUND c0nsume.me c0nsume.me:80
[ERROR][20:35:36] [Tracker][ogar-tracker.tk]: Error: getaddrinfo ENOTFOUND ogar-tracker.tk ogar-tracker.tk:80
[ERROR][20:35:36] [Tracker][c0nsume.me]: Error: getaddrinfo ENOTFOUND c0nsume.me c0nsume.me:80
[ERROR][20:35:36] [Tracker][ogar-tracker.tk]: Error: getaddrinfo ENOTFOUND ogar-tracker.tk ogar-tracker.tk:80
[ERROR][20:35:36] [Tracker][c0nsume.me]: Error: getaddrinfo ENOTFOUND c0nsume.me c0nsume.me:80
[ERROR][20:35:48] [Tracker][ogar-tracker.tk]: Error: getaddrinfo ENOTFOUND ogar-tracker.tk ogar-tracker.tk:80
[ERROR][20:35:48] [Tracker][ogar-tracker.tk]: Error: getaddrinfo ENOTFOUND ogar-tracker.tk ogar-tracker.tk:80
[ERROR][20:35:48] [Tracker][c0nsume.me]: Error: getaddrinfo ENOTFOUND c0nsume.me c0nsume.me:80
[ERROR][20:35:48] [Tracker][c0nsume.me]: Error: getaddrinfo ENOTFOUND c0nsume.me c0nsume.me:80
[ERROR][20:35:48] [Tracker][ogar-tracker.tk]: Error: getaddrinfo ENOTFOUND ogar-tracker.tk ogar-tracker.tk:80
[ERROR][20:35:48] [Tracker][c0nsume.me]: Error: getaddrinfo ENOTFOUND c0nsume.me c0nsume.me:80
[ERROR][20:35:48] [Tracker][ogar-tracker.tk]: Error: getaddrinfo ENOTFOUND ogar-tracker.tk ogar-tracker.tk:80
[ERROR][20:35:48] [Tracker][c0nsume.me]: Error: getaddrinfo ENOTFOUND c0nsume.me c0nsume.me:80
[ERROR][20:35:59] [Tracker][ogar-tracker.tk]: Error: getaddrinfo ENOTFOUND ogar-tracker.tk ogar-tracker.tk:80
[ERROR][20:35:59] [Tracker][ogar-tracker.tk]: Error: getaddrinfo ENOTFOUND ogar-tracker.tk ogar-tracker.tk:80
[ERROR][20:35:59] [Tracker][c0nsume.me]: Error: getaddrinfo ENOTFOUND c0nsume.me c0nsume.me:80
[ERROR][20:35:59] [Tracker][c0nsume.me]: Error: getaddrinfo ENOTFOUND c0nsume.me c0nsume.me:80
[ERROR][20:35:59] [Tracker][ogar-tracker.tk]: Error: getaddrinfo ENOTFOUND ogar-tracker.tk ogar-tracker.tk:80
[ERROR][20:35:59] [Tracker][c0nsume.me]: Error: getaddrinfo ENOTFOUND c0nsume.me c0nsume.me:80
[ERROR][20:35:59] [Tracker][ogar-tracker.tk]: Error: getaddrinfo ENOTFOUND ogar-tracker.tk ogar-tracker.tk:80
[ERROR][20:35:59] [Tracker][c0nsume.me]: Error: getaddrinfo ENOTFOUND c0nsume.me c0nsume.me:80
[ERROR][20:36:11] [Tracker][c0nsume.me]: Error: getaddrinfo ENOTFOUND c0nsume.me c0nsume.me:80
[ERROR][20:36:11] [Tracker][ogar-tracker.tk]: Error: getaddrinfo ENOTFOUND ogar-tracker.tk ogar-tracker.tk:80
[ERROR][20:36:11] [Tracker][ogar-tracker.tk]: Error: getaddrinfo ENOTFOUND ogar-tracker.tk ogar-tracker.tk:80
[ERROR][20:36:11] [Tracker][c0nsume.me]: Error: getaddrinfo ENOTFOUND c0nsume.me c0nsume.me:80
[ERROR][20:36:11] [Tracker][ogar-tracker.tk]: Error: getaddrinfo ENOTFOUND ogar-tracker.tk ogar-tracker.tk:80
[ERROR][20:36:11] [Tracker][c0nsume.me]: Error: getaddrinfo ENOTFOUND c0nsume.me c0nsume.me:80
[ERROR][20:36:11] [Tracker][ogar-tracker.tk]: Error: getaddrinfo ENOTFOUND ogar-tracker.tk ogar-tracker.tk:80
[ERROR][20:36:11] [Tracker][c0nsume.me]: Error: getaddrinfo ENOTFOUND c0nsume.me c0nsume.me:80
[ERROR][20:36:22] [Tracker][c0nsume.me]: Error: getaddrinfo ENOTFOUND c0nsume.me c0nsume.me:80
[ERROR][20:36:22] [Tracker][ogar-tracker.tk]: Error: getaddrinfo ENOTFOUND ogar-tracker.tk ogar-tracker.tk:80
[ERROR][20:36:22] [Tracker][ogar-tracker.tk]: Error: getaddrinfo ENOTFOUND ogar-tracker.tk ogar-tracker.tk:80
[ERROR][20:36:22] [Tracker][c0nsume.me]: Error: getaddrinfo ENOTFOUND c0nsume.me c0nsume.me:80
[ERROR][20:36:22] [Tracker][ogar-tracker.tk]: Error: getaddrinfo ENOTFOUND ogar-tracker.tk ogar-tracker.tk:80
[ERROR][20:36:22] [Tracker][c0nsume.me]: Error: getaddrinfo ENOTFOUND c0nsume.me c0nsume.me:80
[ERROR][20:36:22] [Tracker][ogar-tracker.tk]: Error: getaddrinfo ENOTFOUND ogar-tracker.tk ogar-tracker.tk:80
[ERROR][20:36:22] [Tracker][c0nsume.me]: Error: getaddrinfo ENOTFOUND c0nsume.me c0nsume.me:80
[NONE ][20:36:30] DISCONNECTED 127.0.0.1:52345, code: 1006, reason: "", name: ""
[ERROR][20:36:34] [Tracker][c0nsume.me]: Error: getaddrinfo ENOTFOUND c0nsume.me c0nsume.me:80
[ERROR][20:36:34] [Tracker][ogar-tracker.tk]: Error: getaddrinfo ENOTFOUND ogar-tracker.tk ogar-tracker.tk:80
[ERROR][20:36:34] [Tracker][ogar-tracker.tk]: Error: getaddrinfo ENOTFOUND ogar-tracker.tk ogar-tracker.tk:80
[ERROR][20:36:34] [Tracker][c0nsume.me]: Error: getaddrinfo ENOTFOUND c0nsume.me c0nsume.me:80
[ERROR][20:36:34] [Tracker][ogar-tracker.tk]: Error: getaddrinfo ENOTFOUND ogar-tracker.tk ogar-tracker.tk:80
[ERROR][20:36:34] [Tracker][c0nsume.me]: Error: getaddrinfo ENOTFOUND c0nsume.me c0nsume.me:80
[ERROR][20:36:34] [Tracker][ogar-tracker.tk]: Error: getaddrinfo ENOTFOUND ogar-tracker.tk ogar-tracker.tk:80
[ERROR][20:36:34] [Tracker][c0nsume.me]: Error: getaddrinfo ENOTFOUND c0nsume.me c0nsume.me:80
[ERROR][20:36:45] [Tracker][c0nsume.me]: Error: getaddrinfo ENOTFOUND c0nsume.me c0nsume.me:80
[ERROR][20:36:45] [Tracker][ogar-tracker.tk]: Error: getaddrinfo ENOTFOUND ogar-tracker.tk ogar-tracker.tk:80
[ERROR][20:36:45] [Tracker][ogar-tracker.tk]: Error: getaddrinfo ENOTFOUND ogar-tracker.tk ogar-tracker.tk:80
[ERROR][20:36:45] [Tracker][c0nsume.me]: Error: getaddrinfo ENOTFOUND c0nsume.me c0nsume.me:80
[ERROR][20:36:45] [Tracker][ogar-tracker.tk]: Error: getaddrinfo ENOTFOUND ogar-tracker.tk ogar-tracker.tk:80
[ERROR][20:36:45] [Tracker][c0nsume.me]: Error: getaddrinfo ENOTFOUND c0nsume.me c0nsume.me:80
[ERROR][20:36:45] [Tracker][ogar-tracker.tk]: Error: getaddrinfo ENOTFOUND ogar-tracker.tk ogar-tracker.tk:80
[ERROR][20:36:45] [Tracker][c0nsume.me]: Error: getaddrinfo ENOTFOUND c0nsume.me c0nsume.me:80
[ERROR][20:36:57] [Tracker][c0nsume.me]: Error: getaddrinfo ENOTFOUND c0nsume.me c0nsume.me:80
[ERROR][20:36:57] [Tracker][ogar-tracker.tk]: Error: getaddrinfo ENOTFOUND ogar-tracker.tk ogar-tracker.tk:80
[ERROR][20:36:57] [Tracker][ogar-tracker.tk]: Error: getaddrinfo ENOTFOUND ogar-tracker.tk ogar-tracker.tk:80
[ERROR][20:36:57] [Tracker][c0nsume.me]: Error: getaddrinfo ENOTFOUND c0nsume.me c0nsume.me:80
[ERROR][20:36:57] [Tracker][ogar-tracker.tk]: Error: getaddrinfo ENOTFOUND ogar-tracker.tk ogar-tracker.tk:80
[ERROR][20:36:57] [Tracker][c0nsume.me]: Error: getaddrinfo ENOTFOUND c0nsume.me c0nsume.me:80
[ERROR][20:36:57] [Tracker][ogar-tracker.tk]: Error: getaddrinfo ENOTFOUND ogar-tracker.tk ogar-tracker.tk:80
[ERROR][20:36:57] [Tracker][c0nsume.me]: Error: getaddrinfo ENOTFOUND c0nsume.me c0nsume.me:80
[ERROR][20:37:08] [Tracker][ogar-tracker.tk]: Error: getaddrinfo ENOTFOUND ogar-tracker.tk ogar-tracker.tk:80
[ERROR][20:37:08] [Tracker][ogar-tracker.tk]: Error: getaddrinfo ENOTFOUND ogar-tracker.tk ogar-tracker.tk:80
[ERROR][20:37:08] [Tracker][c0nsume.me]: Error: getaddrinfo ENOTFOUND c0nsume.me c0nsume.me:80
[ERROR][20:37:08] [Tracker][c0nsume.me]: Error: getaddrinfo ENOTFOUND c0nsume.me c0nsume.me:80
[ERROR][20:37:08] [Tracker][ogar-tracker.tk]: Error: getaddrinfo ENOTFOUND ogar-tracker.tk ogar-tracker.tk:80
[ERROR][20:37:08] [Tracker][c0nsume.me]: Error: getaddrinfo ENOTFOUND c0nsume.me c0nsume.me:80
[ERROR][20:37:08] [Tracker][ogar-tracker.tk]: Error: getaddrinfo ENOTFOUND ogar-tracker.tk ogar-tracker.tk:80
[ERROR][20:37:08] [Tracker][c0nsume.me]: Error: getaddrinfo ENOTFOUND c0nsume.me c0nsume.me:80
[ERROR][20:37:20] [Tracker][ogar-tracker.tk]: Error: getaddrinfo ENOTFOUND ogar-tracker.tk ogar-tracker.tk:80
[ERROR][20:37:20] [Tracker][ogar-tracker.tk]: Error: getaddrinfo ENOTFOUND ogar-tracker.tk ogar-tracker.tk:80
[ERROR][20:37:20] [Tracker][c0nsume.me]: Error: getaddrinfo ENOTFOUND c0nsume.me c0nsume.me:80
[ERROR][20:37:20] [Tracker][c0nsume.me]: Error: getaddrinfo ENOTFOUND c0nsume.me c0nsume.me:80
[ERROR][20:37:20] [Tracker][ogar-tracker.tk]: Error: getaddrinfo ENOTFOUND ogar-tracker.tk ogar-tracker.tk:80
[ERROR][20:37:20] [Tracker][c0nsume.me]: Error: getaddrinfo ENOTFOUND c0nsume.me c0nsume.me:80
[ERROR][20:37:20] [Tracker][ogar-tracker.tk]: Error: getaddrinfo ENOTFOUND ogar-tracker.tk ogar-tracker.tk:80
[ERROR][20:37:20] [Tracker][c0nsume.me]: Error: getaddrinfo ENOTFOUND c0nsume.me c0nsume.me:80
[ERROR][20:37:31] [Tracker][ogar-tracker.tk]: Error: getaddrinfo ENOTFOUND ogar-tracker.tk ogar-tracker.tk:80
[ERROR][20:37:31] [Tracker][c0nsume.me]: Error: getaddrinfo ENOTFOUND c0nsume.me c0nsume.me:80
[ERROR][20:37:31] [Tracker][ogar-tracker.tk]: Error: getaddrinfo ENOTFOUND ogar-tracker.tk ogar-tracker.tk:80
[ERROR][20:37:31] [Tracker][c0nsume.me]: Error: getaddrinfo ENOTFOUND c0nsume.me c0nsume.me:80
[ERROR][20:37:31] [Tracker][ogar-tracker.tk]: Error: getaddrinfo ENOTFOUND ogar-tracker.tk ogar-tracker.tk:80
[ERROR][20:37:31] [Tracker][c0nsume.me]: Error: getaddrinfo ENOTFOUND c0nsume.me c0nsume.me:80
[ERROR][20:37:31] [Tracker][ogar-tracker.tk]: Error: getaddrinfo ENOTFOUND ogar-tracker.tk ogar-tracker.tk:80
[ERROR][20:37:31] [Tracker][c0nsume.me]: Error: getaddrinfo ENOTFOUND c0nsume.me c0nsume.me:80
[ERROR][20:37:43] [Tracker][ogar-tracker.tk]: Error: getaddrinfo ENOTFOUND ogar-tracker.tk ogar-tracker.tk:80
[ERROR][20:37:43] [Tracker][c0nsume.me]: Error: getaddrinfo ENOTFOUND c0nsume.me c0nsume.me:80
[ERROR][20:37:43] [Tracker][ogar-tracker.tk]: Error: getaddrinfo ENOTFOUND ogar-tracker.tk ogar-tracker.tk:80
[ERROR][20:37:43] [Tracker][c0nsume.me]: Error: getaddrinfo ENOTFOUND c0nsume.me c0nsume.me:80
[ERROR][20:37:43] [Tracker][ogar-tracker.tk]: Error: getaddrinfo ENOTFOUND ogar-tracker.tk ogar-tracker.tk:80
[ERROR][20:37:43] [Tracker][c0nsume.me]: Error: getaddrinfo ENOTFOUND c0nsume.me c0nsume.me:80
[ERROR][20:37:43] [Tracker][ogar-tracker.tk]: Error: getaddrinfo ENOTFOUND ogar-tracker.tk ogar-tracker.tk:80
[ERROR][20:37:43] [Tracker][c0nsume.me]: Error: getaddrinfo ENOTFOUND c0nsume.me c0nsume.me:80
[ERROR][20:37:54] [Tracker][ogar-tracker.tk]: Error: getaddrinfo ENOTFOUND ogar-tracker.tk ogar-tracker.tk:80
[ERROR][20:37:54] [Tracker][ogar-tracker.tk]: Error: getaddrinfo ENOTFOUND ogar-tracker.tk ogar-tracker.tk:80
[ERROR][20:37:55] [Tracker][c0nsume.me]: Error: getaddrinfo ENOTFOUND c0nsume.me c0nsume.me:80
[ERROR][20:37:55] [Tracker][c0nsume.me]: Error: getaddrinfo ENOTFOUND c0nsume.me c0nsume.me:80
[ERROR][20:37:55] [Tracker][ogar-tracker.tk]: Error: getaddrinfo ENOTFOUND ogar-tracker.tk ogar-tracker.tk:80
[ERROR][20:37:55] [Tracker][c0nsume.me]: Error: getaddrinfo ENOTFOUND c0nsume.me c0nsume.me:80
[ERROR][20:37:55] [Tracker][ogar-tracker.tk]: Error: getaddrinfo ENOTFOUND ogar-tracker.tk ogar-tracker.tk:80
[ERROR][20:37:55] [Tracker][c0nsume.me]: Error: getaddrinfo ENOTFOUND c0nsume.me c0nsume.me:80
[ERROR][20:38:06] [Tracker][c0nsume.me]: Error: getaddrinfo ENOTFOUND c0nsume.me c0nsume.me:80
[ERROR][20:38:06] [Tracker][ogar-tracker.tk]: Error: getaddrinfo ENOTFOUND ogar-tracker.tk ogar-tracker.tk:80
[ERROR][20:38:06] [Tracker][ogar-tracker.tk]: Error: getaddrinfo ENOTFOUND ogar-tracker.tk ogar-tracker.tk:80
[ERROR][20:38:06] [Tracker][c0nsume.me]: Error: getaddrinfo ENOTFOUND c0nsume.me c0nsume.me:80
[ERROR][20:38:06] [Tracker][ogar-tracker.tk]: Error: getaddrinfo ENOTFOUND ogar-tracker.tk ogar-tracker.tk:80
[ERROR][20:38:06] [Tracker][c0nsume.me]: Error: getaddrinfo ENOTFOUND c0nsume.me c0nsume.me:80
[ERROR][20:38:06] [Tracker][ogar-tracker.tk]: Error: getaddrinfo ENOTFOUND ogar-tracker.tk ogar-tracker.tk:80
[ERROR][20:38:06] [Tracker][c0nsume.me]: Error: getaddrinfo ENOTFOUND c0nsume.me c0nsume.me:80
[ERROR][20:38:17] [Tracker][c0nsume.me]: Error: getaddrinfo ENOTFOUND c0nsume.me c0nsume.me:80
[ERROR][20:38:17] [Tracker][ogar-tracker.tk]: Error: getaddrinfo ENOTFOUND ogar-tracker.tk ogar-tracker.tk:80
[ERROR][20:38:17] [Tracker][ogar-tracker.tk]: Error: getaddrinfo ENOTFOUND ogar-tracker.tk ogar-tracker.tk:80
[ERROR][20:38:17] [Tracker][c0nsume.me]: Error: getaddrinfo ENOTFOUND c0nsume.me c0nsume.me:80
[ERROR][20:38:17] [Tracker][ogar-tracker.tk]: Error: getaddrinfo ENOTFOUND ogar-tracker.tk ogar-tracker.tk:80
[ERROR][20:38:17] [Tracker][c0nsume.me]: Error: getaddrinfo ENOTFOUND c0nsume.me c0nsume.me:80
[ERROR][20:38:17] [Tracker][ogar-tracker.tk]: Error: getaddrinfo ENOTFOUND ogar-tracker.tk ogar-tracker.tk:80
[ERROR][20:38:17] [Tracker][c0nsume.me]: Error: getaddrinfo ENOTFOUND c0nsume.me c0nsume.me:80
[ERROR][20:38:29] [Tracker][ogar-tracker.tk]: Error: getaddrinfo ENOTFOUND ogar-tracker.tk ogar-tracker.tk:80
[ERROR][20:38:29] [Tracker][ogar-tracker.tk]: Error: getaddrinfo ENOTFOUND ogar-tracker.tk ogar-tracker.tk:80
[ERROR][20:38:29] [Tracker][c0nsume.me]: Error: getaddrinfo ENOTFOUND c0nsume.me c0nsume.me:80
[ERROR][20:38:29] [Tracker][c0nsume.me]: Error: getaddrinfo ENOTFOUND c0nsume.me c0nsume.me:80
[ERROR][20:38:29] [Tracker][ogar-tracker.tk]: Error: getaddrinfo ENOTFOUND ogar-tracker.tk ogar-tracker.tk:80
[ERROR][20:38:29] [Tracker][c0nsume.me]: Error: getaddrinfo ENOTFOUND c0nsume.me c0nsume.me:80
[ERROR][20:38:29] [Tracker][ogar-tracker.tk]: Error: getaddrinfo ENOTFOUND ogar-tracker.tk ogar-tracker.tk:80
[ERROR][20:38:29] [Tracker][c0nsume.me]: Error: getaddrinfo ENOTFOUND c0nsume.me c0nsume.me:80
